{"numTotalTestSuites":152,"numPassedTestSuites":150,"numFailedTestSuites":2,"numPendingTestSuites":0,"numTotalTests":351,"numPassedTests":348,"numFailedTests":2,"numPendingTests":1,"numTodoTests":0,"snapshot":{"added":0,"failure":false,"filesAdded":0,"filesRemoved":0,"filesRemovedList":[],"filesUnmatched":0,"filesUpdated":0,"matched":0,"total":0,"unchecked":0,"uncheckedKeysByFile":[],"unmatched":0,"updated":0,"didUpdate":false},"startTime":1787188209522,"success":false,"testResults":[{"assertionResults":[{"ancestorTitles":["fetchAllPaginatedResults"],"fullName":"fetchAllPaginatedResults aggregates every page until the reported total is reached","status":"passed","title":"aggregates every page until the reported total is reached","duration":2.273166999999944,"failureMessages":[],"meta":{},"tags":[]},{"ancestorTitles":["fetchAllPaginatedResults"],"fullName":"fetchAllPaginatedResults surfaces backend export failures","status":"passed","title":"surfaces backend export failures","duration":0.9340829999999869,"failureMessages":[],"meta":{},"tags":[]},{"ancestorTitles":["fetchAllPaginatedResults"],"fullName":"fetchAllPaginatedResults fetches remaining pages in bounded parallel batches after the first page","status":"passed","title":"fetches remaining pages in bounded parallel batches after the first page","duration":53.78158300000007,"failureMessages":[],"meta":{},"tags":[]},{"ancestorTitles":["fetchAllPaginatedResults"],"fullName":"fetchAllPaginatedResults quotes CSV fields so modal metadata and trace payloads remain intact","status":"passed","title":"quotes CSV fields so modal metadata and trace payloads remain intact","duration":0.2764999999999418,"failureMessages":[],"meta":{},"tags":[]},{"ancestorTitles":["mapWithConcurrency"],"fullName":"mapWithConcurrency preserves input order while limiting active tasks","status":"passed","title":"preserves input order while limiting active tasks","duration":0.24954200000001947,"failureMessages":[],"meta":{},"tags":[]}],"startTime":1787188226583,"endTime":1787188226641.2495,"status":"passed","message":"","name":"/Users/runner/work/one-api/one-api/web/modern/src/lib/export.test.ts"},{"assertionResults":[{"ancestorTitles":["HomePage"],"fullName":"HomePage renders iframe when content is a URL","status":"passed","title":"renders iframe when content is a URL","duration":33.86783300000002,"failureMessages":[],"meta":{},"tags":[]},{"ancestorTitles":["HomePage"],"fullName":"HomePage renders HTML content when provided","status":"passed","title":"renders HTML content when provided","duration":38.2632500000002,"failureMessages":[],"meta":{},"tags":[]},{"ancestorTitles":["HomePage"],"fullName":"HomePage shows minimal empty state when no content configured","status":"passed","title":"shows minimal empty state when no content configured","duration":6.213917000000038,"failureMessages":[],"meta":{},"tags":[]}],"startTime":1787188241004,"endTime":1787188241083.2139,"status":"passed","message":"","name":"/Users/runner/work/one-api/one-api/web/modern/src/pages/HomePage.test.tsx"},{"assertionResults":[{"ancestorTitles":["Responsive Components"],"fullName":"Responsive Components should render ResponsiveContainer without crashing","status":"passed","title":"should render ResponsiveContainer without crashing","duration":24.295749999999998,"failureMessages":[],"meta":{},"tags":[]},{"ancestorTitles":["Responsive Components"],"fullName":"Responsive Components should render ResponsivePageContainer without crashing","status":"passed","title":"should render ResponsivePageContainer without crashing","duration":5.0240839999999025,"failureMessages":[],"meta":{},"tags":[]},{"ancestorTitles":["Responsive Components"],"fullName":"Responsive Components should render AdaptiveGrid without crashing","status":"passed","title":"should render AdaptiveGrid without crashing","duration":6.28345800000011,"failureMessages":[],"meta":{},"tags":[]},{"ancestorTitles":["Responsive Components"],"fullName":"Responsive Components should render MobileDrawer without crashing","status":"passed","title":"should render MobileDrawer without crashing","duration":1.8499589999998989,"failureMessages":[],"meta":{},"tags":[]},{"ancestorTitles":["Responsive Components"],"fullName":"Responsive Components should render ResponsiveForm without crashing","status":"passed","title":"should render ResponsiveForm without crashing","duration":2.785417000000052,"failureMessages":[],"meta":{},"tags":[]},{"ancestorTitles":["Responsive Hooks"],"fullName":"Responsive Hooks should provide responsive state","status":"passed","title":"should provide responsive state","duration":0.33829199999991033,"failureMessages":[],"meta":{},"tags":[]},{"ancestorTitles":["Enhanced Data Table"],"fullName":"Enhanced Data Table should handle responsive props","status":"passed","title":"should handle responsive props","duration":130.52287499999989,"failureMessages":[],"meta":{},"tags":[]},{"ancestorTitles":["Enhanced Data Table"],"fullName":"Enhanced Data Table should hide floating row actions while hovering interactive row controls","status":"passed","title":"should hide floating row actions while hovering interactive row controls","duration":54.5481249999998,"failureMessages":[],"meta":{},"tags":[]}],"startTime":1787188224554,"endTime":1787188224780.548,"status":"passed","message":"","name":"/Users/runner/work/one-api/one-api/web/modern/src/test/responsive-components.test.tsx"},{"assertionResults":[{"ancestorTitles":["LogDetailsModal"],"fullName":"LogDetailsModal renders a detailed view that mirrors the logs table fields","status":"passed","title":"renders a detailed view that mirrors the logs table fields","duration":106.51695900000004,"failureMessages":[],"meta":{},"tags":[]},{"ancestorTitles":["LogDetailsModal"],"fullName":"LogDetailsModal fetches and renders tracing information when a trace ID is present","status":"passed","title":"fetches and renders tracing information when a trace ID is present","duration":52.74225000000001,"failureMessages":[],"meta":{},"tags":[]},{"ancestorTitles":["LogDetailsModal"],"fullName":"LogDetailsModal fetches trace data for MANAGE logs when trace_id is present (regression: not CONSUME-gated)","status":"passed","title":"fetches trace data for MANAGE logs when trace_id is present (regression: not CONSUME-gated)","duration":50.296959000000015,"failureMessages":[],"meta":{},"tags":[]},{"ancestorTitles":["LogDetailsModal"],"fullName":"LogDetailsModal fetches trace data for SYSTEM logs when trace_id is present (regression: not CONSUME-gated)","status":"passed","title":"fetches trace data for SYSTEM logs when trace_id is present (regression: not CONSUME-gated)","duration":33.97725000000014,"failureMessages":[],"meta":{},"tags":[]},{"ancestorTitles":["LogDetailsModal"],"fullName":"LogDetailsModal fetches trace data for TEST logs when trace_id is present (regression: not CONSUME-gated)","status":"passed","title":"fetches trace data for TEST logs when trace_id is present (regression: not CONSUME-gated)","duration":28.936916999999994,"failureMessages":[],"meta":{},"tags":[]},{"ancestorTitles":["LogDetailsModal"],"fullName":"LogDetailsModal fetches trace data for TOPUP logs when trace_id is present (regression: not CONSUME-gated)","status":"passed","title":"fetches trace data for TOPUP logs when trace_id is present (regression: not CONSUME-gated)","duration":26.150500000000193,"failureMessages":[],"meta":{},"tags":[]},{"ancestorTitles":["LogDetailsModal"],"fullName":"LogDetailsModal does not fetch trace data when trace_id is empty regardless of log type","status":"passed","title":"does not fetch trace data when trace_id is empty regardless of log type","duration":15.835625000000164,"failureMessages":[],"meta":{},"tags":[]}],"startTime":1787188214612,"endTime":1787188214926.8357,"status":"passed","message":"","name":"/Users/runner/work/one-api/one-api/web/modern/src/components/__tests__/LogDetailsModal.test.tsx"},{"assertionResults":[{"ancestorTitles":["Header logout UX"],"fullName":"Header logout UX hides the logout action by default","status":"passed","title":"hides the logout action by default","duration":242.29316700000004,"failureMessages":[],"meta":{},"tags":[]},{"ancestorTitles":["Header logout UX"],"fullName":"Header logout UX confirms logout through the desktop hamburger menu","status":"passed","title":"confirms logout through the desktop hamburger menu","duration":263.5176670000001,"failureMessages":[],"meta":{},"tags":[]},{"ancestorTitles":["Header logout UX"],"fullName":"Header logout UX offers logout inside the mobile navigation drawer","status":"passed","title":"offers logout inside the mobile navigation drawer","duration":156.114417,"failureMessages":[],"meta":{},"tags":[]},{"ancestorTitles":["Header anonymous mobile layout"],"fullName":"Header anonymous mobile layout hides inline Register/Login on mobile so the header fits 320px viewports","status":"passed","title":"hides inline Register/Login on mobile so the header fits 320px viewports","duration":20.091750000000047,"failureMessages":[],"meta":{},"tags":[]},{"ancestorTitles":["Header anonymous mobile layout"],"fullName":"Header anonymous mobile layout exposes Register/Login inside the mobile navigation drawer","status":"passed","title":"exposes Register/Login inside the mobile navigation drawer","duration":66.17891699999996,"failureMessages":[],"meta":{},"tags":[]}],"startTime":1787188221829,"endTime":1787188222577.179,"status":"passed","message":"","name":"/Users/runner/work/one-api/one-api/web/modern/src/components/layout/Header.test.tsx"},{"assertionResults":[{"ancestorTitles":["FormField"],"fullName":"FormField provides the current value to controlled inputs","status":"passed","title":"provides the current value to controlled inputs","duration":29.864582999999925,"failureMessages":[],"meta":{},"tags":[]},{"ancestorTitles":["FormField"],"fullName":"FormField updates the field value when the user types","status":"passed","title":"updates the field value when the user types","duration":143.24324999999988,"failureMessages":[],"meta":{},"tags":[]}],"startTime":1787188247507,"endTime":1787188247680.2432,"status":"passed","message":"","name":"/Users/runner/work/one-api/one-api/web/modern/src/components/ui/form.test.tsx"},{"assertionResults":[{"ancestorTitles":["useEventLog"],"fullName":"useEventLog starts with empty events and expandedEvents","status":"passed","title":"starts with empty events and expandedEvents","duration":9.273458000000005,"failureMessages":[],"meta":{},"tags":[]},{"ancestorTitles":["useEventLog"],"fullName":"useEventLog appends an event with generated id and timestamp","status":"passed","title":"appends an event with generated id and timestamp","duration":3.688083000000006,"failureMessages":[],"meta":{},"tags":[]},{"ancestorTitles":["useEventLog"],"fullName":"useEventLog generates unique ids for repeated addEvent calls","status":"passed","title":"generates unique ids for repeated addEvent calls","duration":2.1870420000000195,"failureMessages":[],"meta":{},"tags":[]},{"ancestorTitles":["useEventLog"],"fullName":"useEventLog keeps addEvent reference stable across rerenders","status":"passed","title":"keeps addEvent reference stable across rerenders","duration":1.8441250000000764,"failureMessages":[],"meta":{},"tags":[]},{"ancestorTitles":["useEventLog"],"fullName":"useEventLog toggleExpand adds an id then removes it on second call","status":"passed","title":"toggleExpand adds an id then removes it on second call","duration":1.5967909999999392,"failureMessages":[],"meta":{},"tags":[]},{"ancestorTitles":["useEventLog"],"fullName":"useEventLog toggleExpand tracks each id independently","status":"passed","title":"toggleExpand tracks each id independently","duration":0.9792499999999791,"failureMessages":[],"meta":{},"tags":[]},{"ancestorTitles":["useEventLog"],"fullName":"useEventLog clearEvents resets events and expandedEvents","status":"passed","title":"clearEvents resets events and expandedEvents","duration":0.946999999999889,"failureMessages":[],"meta":{},"tags":[]},{"ancestorTitles":["useEventLog"],"fullName":"useEventLog preserves order and retains all events across multiple addEvent calls","status":"passed","title":"preserves order and retains all events across multiple addEvent calls","duration":0.9879590000000462,"failureMessages":[],"meta":{},"tags":[]}],"startTime":1787188225974,"endTime":1787188225994.988,"status":"passed","message":"","name":"/Users/runner/work/one-api/one-api/web/modern/src/hooks/__tests__/useEventLog.test.ts"},{"assertionResults":[{"ancestorTitles":["useNotice"],"fullName":"useNotice returns notice content when server data differs from stored seen value","status":"passed","title":"returns notice content when server data differs from stored seen value","duration":64.45520799999997,"failureMessages":[],"meta":{},"tags":[]},{"ancestorTitles":["useNotice"],"fullName":"useNotice persists dismissed content and clears state on dismiss","status":"passed","title":"persists dismissed content and clears state on dismiss","duration":54.98404199999993,"failureMessages":[],"meta":{},"tags":[]},{"ancestorTitles":["useNotice"],"fullName":"useNotice returns null when notice content matches previously dismissed value","status":"passed","title":"returns null when notice content matches previously dismissed value","duration":4.773374999999987,"failureMessages":[],"meta":{},"tags":[]},{"ancestorTitles":["useNotice"],"fullName":"useNotice returns null when notice content is empty","status":"passed","title":"returns null when notice content is empty","duration":2.701291000000083,"failureMessages":[],"meta":{},"tags":[]},{"ancestorTitles":["useNotice"],"fullName":"useNotice returns null when api responds with success: false","status":"passed","title":"returns null when api responds with success: false","duration":2.830624999999941,"failureMessages":[],"meta":{},"tags":[]}],"startTime":1787188236737,"endTime":1787188236866.8306,"status":"passed","message":"","name":"/Users/runner/work/one-api/one-api/web/modern/src/hooks/__tests__/useNotice.test.ts"},{"assertionResults":[{"ancestorTitles":["usePersistentState"],"fullName":"usePersistentState should return default value when no stored value exists","status":"passed","title":"should return default value when no stored value exists","duration":10.240791999999942,"failureMessages":[],"meta":{},"tags":[]},{"ancestorTitles":["usePersistentState"],"fullName":"usePersistentState should return stored value when it exists","status":"passed","title":"should return stored value when it exists","duration":2.0413750000000164,"failureMessages":[],"meta":{},"tags":[]},{"ancestorTitles":["usePersistentState"],"fullName":"usePersistentState should persist value to localStorage when updated","status":"passed","title":"should persist value to localStorage when updated","duration":2.5504589999999325,"failureMessages":[],"meta":{},"tags":[]},{"ancestorTitles":["usePersistentState"],"fullName":"usePersistentState should handle updater function","status":"passed","title":"should handle updater function","duration":1.9161249999999654,"failureMessages":[],"meta":{},"tags":[]},{"ancestorTitles":["usePersistentState"],"fullName":"usePersistentState should handle numeric values","status":"passed","title":"should handle numeric values","duration":2.985500000000002,"failureMessages":[],"meta":{},"tags":[]},{"ancestorTitles":["usePersistentState"],"fullName":"usePersistentState should handle invalid JSON gracefully","status":"passed","title":"should handle invalid JSON gracefully","duration":1.4771670000000086,"failureMessages":[],"meta":{},"tags":[]},{"ancestorTitles":["usePageSize"],"fullName":"usePageSize should return default page size when no stored value exists","status":"passed","title":"should return default page size when no stored value exists","duration":1.2690000000000055,"failureMessages":[],"meta":{},"tags":[]},{"ancestorTitles":["usePageSize"],"fullName":"usePageSize should return custom default page size","status":"passed","title":"should return custom default page size","duration":1.4109999999999445,"failureMessages":[],"meta":{},"tags":[]},{"ancestorTitles":["usePageSize"],"fullName":"usePageSize should persist page size to localStorage","status":"passed","title":"should persist page size to localStorage","duration":1.7999579999999469,"failureMessages":[],"meta":{},"tags":[]},{"ancestorTitles":["usePageSize"],"fullName":"usePageSize should snap to nearest valid size if invalid size is provided","status":"passed","title":"should snap to nearest valid size if invalid size is provided","duration":0.9688329999999041,"failureMessages":[],"meta":{},"tags":[]},{"ancestorTitles":["usePageSize"],"fullName":"usePageSize should handle exact valid sizes","status":"passed","title":"should handle exact valid sizes","duration":0.6894580000000587,"failureMessages":[],"meta":{},"tags":[]},{"ancestorTitles":["usePageSize"],"fullName":"usePageSize should clamp values within bounds","status":"passed","title":"should clamp values within bounds","duration":0.7611249999999927,"failureMessages":[],"meta":{},"tags":[]},{"ancestorTitles":["getStoredPageSize"],"fullName":"getStoredPageSize should return default value when no stored value exists","status":"passed","title":"should return default value when no stored value exists","duration":0.3260419999999158,"failureMessages":[],"meta":{},"tags":[]},{"ancestorTitles":["getStoredPageSize"],"fullName":"getStoredPageSize should return stored value when it exists","status":"passed","title":"should return stored value when it exists","duration":0.08279100000004291,"failureMessages":[],"meta":{},"tags":[]},{"ancestorTitles":["getStoredPageSize"],"fullName":"getStoredPageSize should return default for invalid JSON","status":"passed","title":"should return default for invalid JSON","duration":0.15324999999995725,"failureMessages":[],"meta":{},"tags":[]},{"ancestorTitles":["getStoredPageSize"],"fullName":"getStoredPageSize should return default for non-positive values","status":"passed","title":"should return default for non-positive values","duration":0.0768750000000864,"failureMessages":[],"meta":{},"tags":[]},{"ancestorTitles":["STORAGE_KEYS"],"fullName":"STORAGE_KEYS should have unique values for all keys","status":"passed","title":"should have unique values for all keys","duration":0.06620900000007168,"failureMessages":[],"meta":{},"tags":[]},{"ancestorTitles":["STORAGE_KEYS"],"fullName":"STORAGE_KEYS should have correct prefix for all keys","status":"passed","title":"should have correct prefix for all keys","duration":0.09291699999994307,"failureMessages":[],"meta":{},"tags":[]}],"startTime":1787188223343,"endTime":1787188223372.1533,"status":"passed","message":"","name":"/Users/runner/work/one-api/one-api/web/modern/src/hooks/__tests__/usePersistentState.test.ts"},{"assertionResults":[{"ancestorTitles":["usePlaygroundChat addEvent emissions"],"fullName":"usePlaygroundChat addEvent emissions emits a cancel event via addEvent when stopGeneration is called after a request","status":"passed","title":"emits a cancel event via addEvent when stopGeneration is called after a request","duration":14.888124999999945,"failureMessages":[],"meta":{},"tags":[]},{"ancestorTitles":["usePlaygroundChat addEvent emissions"],"fullName":"usePlaygroundChat addEvent emissions emits request and done events around a successful sendMessage","status":"passed","title":"emits request and done events around a successful sendMessage","duration":3.4026250000000573,"failureMessages":[],"meta":{},"tags":[]},{"ancestorTitles":["usePlaygroundChat addEvent emissions"],"fullName":"usePlaygroundChat addEvent emissions emits an error event when streamChatCompletion rejects in sendMessage","status":"passed","title":"emits an error event when streamChatCompletion rejects in sendMessage","duration":3.5649170000000368,"failureMessages":[],"meta":{},"tags":[]},{"ancestorTitles":["usePlaygroundChat addEvent emissions"],"fullName":"usePlaygroundChat addEvent emissions emits request and done events for a successful regenerateMessage","status":"passed","title":"emits request and done events for a successful regenerateMessage","duration":1.8457089999999425,"failureMessages":[],"meta":{},"tags":[]}],"startTime":1787188227309,"endTime":1787188227332.8457,"status":"passed","message":"","name":"/Users/runner/work/one-api/one-api/web/modern/src/hooks/__tests__/usePlaygroundChat.events.test.ts"},{"assertionResults":[{"ancestorTitles":["useRealtimeChat"],"fullName":"useRealtimeChat does not connect when token is empty","status":"passed","title":"does not connect when token is empty","duration":10.530958000000055,"failureMessages":[],"meta":{},"tags":[]},{"ancestorTitles":["useRealtimeChat"],"fullName":"useRealtimeChat does not connect when model is non-realtime","status":"passed","title":"does not connect when model is non-realtime","duration":1.7255420000000186,"failureMessages":[],"meta":{},"tags":[]},{"ancestorTitles":["useRealtimeChat"],"fullName":"useRealtimeChat auto-connects on mount when realtime model and token are set","status":"passed","title":"auto-connects on mount when realtime model and token are set","duration":3.3559589999999844,"failureMessages":[],"meta":{},"tags":[]},{"ancestorTitles":["useRealtimeChat"],"fullName":"useRealtimeChat uses correct subprotocols without openai-beta.realtime-v1","status":"passed","title":"uses correct subprotocols without openai-beta.realtime-v1","duration":2.606875000000059,"failureMessages":[],"meta":{},"tags":[]},{"ancestorTitles":["useRealtimeChat"],"fullName":"useRealtimeChat builds the WS URL with current host and encoded model","status":"passed","title":"builds the WS URL with current host and encoded model","duration":2.738416999999913,"failureMessages":[],"meta":{},"tags":[]},{"ancestorTitles":["useRealtimeChat"],"fullName":"useRealtimeChat logs connection.open and does not send session.update without optional fields on open","status":"passed","title":"logs connection.open and does not send session.update without optional fields on open","duration":1.8542919999999867,"failureMessages":[],"meta":{},"tags":[]},{"ancestorTitles":["useRealtimeChat"],"fullName":"useRealtimeChat sends session.update with instructions when systemMessage is set","status":"passed","title":"sends session.update with instructions when systemMessage is set","duration":1.4623340000000553,"failureMessages":[],"meta":{},"tags":[]},{"ancestorTitles":["useRealtimeChat"],"fullName":"useRealtimeChat sends session.update with temperature and max_response_output_tokens","status":"passed","title":"sends session.update with temperature and max_response_output_tokens","duration":1.0804580000000215,"failureMessages":[],"meta":{},"tags":[]},{"ancestorTitles":["useRealtimeChat"],"fullName":"useRealtimeChat handles GA response.output_text.delta events and accumulates assistant content","status":"passed","title":"handles GA response.output_text.delta events and accumulates assistant content","duration":2.4624590000000808,"failureMessages":[],"meta":{},"tags":[]},{"ancestorTitles":["useRealtimeChat"],"fullName":"useRealtimeChat handles legacy response.text.delta events","status":"passed","title":"handles legacy response.text.delta events","duration":0.9058339999999134,"failureMessages":[],"meta":{},"tags":[]},{"ancestorTitles":["useRealtimeChat"],"fullName":"useRealtimeChat flips isStreaming on response.created and back on response.done","status":"passed","title":"flips isStreaming on response.created and back on response.done","duration":0.8726249999999709,"failureMessages":[],"meta":{},"tags":[]},{"ancestorTitles":["useRealtimeChat"],"fullName":"useRealtimeChat logs error on sendMessage when not connected and does not append user message","status":"passed","title":"logs error on sendMessage when not connected and does not append user message","duration":1.1304170000000795,"failureMessages":[],"meta":{},"tags":[]},{"ancestorTitles":["useRealtimeChat"],"fullName":"useRealtimeChat sends conversation.item.create then response.create on sendMessage when connected","status":"passed","title":"sends conversation.item.create then response.create on sendMessage when connected","duration":9.96895799999993,"failureMessages":[],"meta":{},"tags":[]},{"ancestorTitles":["useRealtimeChat"],"fullName":"useRealtimeChat logs warning when sendMessage receives attached images but still sends text","status":"passed","title":"logs warning when sendMessage receives attached images but still sends text","duration":3.140125000000012,"failureMessages":[],"meta":{},"tags":[]},{"ancestorTitles":["useRealtimeChat"],"fullName":"useRealtimeChat sends response.cancel on stopGeneration while streaming","status":"passed","title":"sends response.cancel on stopGeneration while streaming","duration":0.9617919999999458,"failureMessages":[],"meta":{},"tags":[]},{"ancestorTitles":["useRealtimeChat"],"fullName":"useRealtimeChat does not send response.cancel on stopGeneration while idle","status":"passed","title":"does not send response.cancel on stopGeneration while idle","duration":0.6427919999999858,"failureMessages":[],"meta":{},"tags":[]},{"ancestorTitles":["useRealtimeChat"],"fullName":"useRealtimeChat disconnect closes the socket, sets status disconnected, and logs connection.close","status":"passed","title":"disconnect closes the socket, sets status disconnected, and logs connection.close","duration":0.6190410000000384,"failureMessages":[],"meta":{},"tags":[]},{"ancestorTitles":["useRealtimeChat"],"fullName":"useRealtimeChat fires connection.timeout after 8s if socket has not opened","status":"passed","title":"fires connection.timeout after 8s if socket has not opened","duration":1.9696670000000722,"failureMessages":[],"meta":{},"tags":[]},{"ancestorTitles":["useRealtimeChat"],"fullName":"useRealtimeChat does not fire connection.timeout when socket opens before 8s","status":"passed","title":"does not fire connection.timeout when socket opens before 8s","duration":1.020249999999919,"failureMessages":[],"meta":{},"tags":[]},{"ancestorTitles":["useRealtimeChat"],"fullName":"useRealtimeChat reconnects on token change with new subprotocols","status":"passed","title":"reconnects on token change with new subprotocols","duration":1.3139999999999645,"failureMessages":[],"meta":{},"tags":[]},{"ancestorTitles":["useRealtimeChat"],"fullName":"useRealtimeChat disconnect emits exactly one connection.close event (no double-emit on onclose)","status":"passed","title":"disconnect emits exactly one connection.close event (no double-emit on onclose)","duration":0.7045829999999569,"failureMessages":[],"meta":{},"tags":[]},{"ancestorTitles":["useRealtimeChat"],"fullName":"useRealtimeChat changing temperature mid-session does not reconnect; sends session.update on existing socket","status":"passed","title":"changing temperature mid-session does not reconnect; sends session.update on existing socket","duration":10.564208000000008,"failureMessages":[],"meta":{},"tags":[]}],"startTime":1787188210509,"endTime":1787188210571.5642,"status":"passed","message":"","name":"/Users/runner/work/one-api/one-api/web/modern/src/hooks/__tests__/useRealtimeChat.test.ts"},{"assertionResults":[{"ancestorTitles":["isSafeInternalPath"],"fullName":"isSafeInternalPath isSafeInternalPath(%p) === %p","status":"passed","title":"isSafeInternalPath(%p) === %p","duration":1.173791000000051,"failureMessages":[],"meta":{},"tags":[]},{"ancestorTitles":["isSafeInternalPath"],"fullName":"isSafeInternalPath isSafeInternalPath(%p) === %p","status":"passed","title":"isSafeInternalPath(%p) === %p","duration":0.17908299999999144,"failureMessages":[],"meta":{},"tags":[]},{"ancestorTitles":["isSafeInternalPath"],"fullName":"isSafeInternalPath isSafeInternalPath(%p) === %p","status":"passed","title":"isSafeInternalPath(%p) === %p","duration":0.09666600000002745,"failureMessages":[],"meta":{},"tags":[]},{"ancestorTitles":["isSafeInternalPath"],"fullName":"isSafeInternalPath isSafeInternalPath(%p) === %p","status":"passed","title":"isSafeInternalPath(%p) === %p","duration":0.18162500000005366,"failureMessages":[],"meta":{},"tags":[]},{"ancestorTitles":["isSafeInternalPath"],"fullName":"isSafeInternalPath isSafeInternalPath(%p) === %p","status":"passed","title":"isSafeInternalPath(%p) === %p","duration":0.13162499999998545,"failureMessages":[],"meta":{},"tags":[]},{"ancestorTitles":["isSafeInternalPath"],"fullName":"isSafeInternalPath isSafeInternalPath(%p) === %p","status":"passed","title":"isSafeInternalPath(%p) === %p","duration":0.06562499999995453,"failureMessages":[],"meta":{},"tags":[]},{"ancestorTitles":["isSafeInternalPath"],"fullName":"isSafeInternalPath isSafeInternalPath(%p) === %p","status":"passed","title":"isSafeInternalPath(%p) === %p","duration":0.059375000000045475,"failureMessages":[],"meta":{},"tags":[]},{"ancestorTitles":["isSafeInternalPath"],"fullName":"isSafeInternalPath isSafeInternalPath(%p) === %p","status":"passed","title":"isSafeInternalPath(%p) === %p","duration":0.15095799999994597,"failureMessages":[],"meta":{},"tags":[]},{"ancestorTitles":["isSafeInternalPath"],"fullName":"isSafeInternalPath isSafeInternalPath(%p) === %p","status":"passed","title":"isSafeInternalPath(%p) === %p","duration":0.3749159999999847,"failureMessages":[],"meta":{},"tags":[]},{"ancestorTitles":["isSafeInternalPath"],"fullName":"isSafeInternalPath isSafeInternalPath(%p) === %p","status":"passed","title":"isSafeInternalPath(%p) === %p","duration":0.09416699999997036,"failureMessages":[],"meta":{},"tags":[]},{"ancestorTitles":["isSafeInternalPath"],"fullName":"isSafeInternalPath isSafeInternalPath(%p) === %p","status":"passed","title":"isSafeInternalPath(%p) === %p","duration":0.11329200000000128,"failureMessages":[],"meta":{},"tags":[]},{"ancestorTitles":["axios 401 interceptor (handleAuthFailure)"],"fullName":"axios 401 interceptor (handleAuthFailure) on /channels 401: clears zustand state AND replaces to /login with encoded redirect_to","status":"passed","title":"on /channels 401: clears zustand state AND replaces to /login with encoded redirect_to","duration":4.5332089999999425,"failureMessages":[],"meta":{},"tags":[]},{"ancestorTitles":["axios 401 interceptor (handleAuthFailure)"],"fullName":"axios 401 interceptor (handleAuthFailure) loop guard: when ALREADY on /login, never redirects again (prevents nested redirect_to)","status":"passed","title":"loop guard: when ALREADY on /login, never redirects again (prevents nested redirect_to)","duration":0.7304589999999962,"failureMessages":[],"meta":{},"tags":[]},{"ancestorTitles":["axios 401 interceptor (handleAuthFailure)"],"fullName":"axios 401 interceptor (handleAuthFailure) re-entrancy guard: parallel 401s produce a single replace call","status":"passed","title":"re-entrancy guard: parallel 401s produce a single replace call","duration":1.104041000000052,"failureMessages":[],"meta":{},"tags":[]},{"ancestorTitles":["axios 401 interceptor (handleAuthFailure)"],"fullName":"axios 401 interceptor (handleAuthFailure) drops unsafe pathname and falls back to bare /login","status":"passed","title":"drops unsafe pathname and falls back to bare /login","duration":0.46158299999990504,"failureMessages":[],"meta":{},"tags":[]},{"ancestorTitles":["axios 401 interceptor (handleAuthFailure)"],"fullName":"axios 401 interceptor (handleAuthFailure) triggers on legacy `success:false` with \"not logged in\" message","status":"passed","title":"triggers on legacy `success:false` with \"not logged in\" message","duration":0.4402499999999918,"failureMessages":[],"meta":{},"tags":[]}],"startTime":1787188219686,"endTime":1787188219695.4617,"status":"passed","message":"","name":"/Users/runner/work/one-api/one-api/web/modern/src/lib/__tests__/api.test.ts"},{"assertionResults":[{"ancestorTitles":["model capabilities reasoning effort"],"fullName":"model capabilities reasoning effort enables reasoning effort for OpenAI O series models","status":"passed","title":"enables reasoning effort for OpenAI O series models","duration":1.5155829999999924,"failureMessages":[],"meta":{},"tags":[]},{"ancestorTitles":["model capabilities reasoning effort"],"fullName":"model capabilities reasoning effort enables reasoning effort for GPT-5.1 chat models","status":"passed","title":"enables reasoning effort for GPT-5.1 chat models","duration":0.22787500000004002,"failureMessages":[],"meta":{},"tags":[]},{"ancestorTitles":["model capabilities reasoning effort"],"fullName":"model capabilities reasoning effort keeps reasoning effort disabled for non-reasoning models","status":"passed","title":"keeps reasoning effort disabled for non-reasoning models","duration":0.08566700000005767,"failureMessages":[],"meta":{},"tags":[]},{"ancestorTitles":["isOpenAIMediumOnlyReasoningModel"],"fullName":"isOpenAIMediumOnlyReasoningModel detects O-series models as medium-only","status":"passed","title":"detects O-series models as medium-only","duration":0.12029100000006565,"failureMessages":[],"meta":{},"tags":[]},{"ancestorTitles":["isOpenAIMediumOnlyReasoningModel"],"fullName":"isOpenAIMediumOnlyReasoningModel detects gpt-5.1 chat variants as medium-only","status":"passed","title":"detects gpt-5.1 chat variants as medium-only","duration":0.0740410000000793,"failureMessages":[],"meta":{},"tags":[]},{"ancestorTitles":["isOpenAIMediumOnlyReasoningModel"],"fullName":"isOpenAIMediumOnlyReasoningModel returns false for models that allow high reasoning effort","status":"passed","title":"returns false for models that allow high reasoning effort","duration":0.05804200000000037,"failureMessages":[],"meta":{},"tags":[]},{"ancestorTitles":["isRealtime detection"],"fullName":"isRealtime detection marks gpt-4o-realtime-preview as realtime","status":"passed","title":"marks gpt-4o-realtime-preview as realtime","duration":0.16604199999994762,"failureMessages":[],"meta":{},"tags":[]},{"ancestorTitles":["isRealtime detection"],"fullName":"isRealtime detection marks gpt-4o-mini-realtime-preview-2024-12-17 as realtime","status":"passed","title":"marks gpt-4o-mini-realtime-preview-2024-12-17 as realtime","duration":0.0827080000000251,"failureMessages":[],"meta":{},"tags":[]},{"ancestorTitles":["isRealtime detection"],"fullName":"isRealtime detection marks dated gpt-4o-realtime-preview-2025-06-03 as realtime","status":"passed","title":"marks dated gpt-4o-realtime-preview-2025-06-03 as realtime","duration":0.44412499999998545,"failureMessages":[],"meta":{},"tags":[]},{"ancestorTitles":["isRealtime detection"],"fullName":"isRealtime detection detects realtime case-insensitively","status":"passed","title":"detects realtime case-insensitively","duration":0.10395900000003166,"failureMessages":[],"meta":{},"tags":[]},{"ancestorTitles":["isRealtime detection"],"fullName":"isRealtime detection does not mark gpt-4o-mini as realtime","status":"passed","title":"does not mark gpt-4o-mini as realtime","duration":0.10591599999997925,"failureMessages":[],"meta":{},"tags":[]},{"ancestorTitles":["isRealtime detection"],"fullName":"isRealtime detection does not mark claude-sonnet-4-5 as realtime","status":"passed","title":"does not mark claude-sonnet-4-5 as realtime","duration":0.06775000000004638,"failureMessages":[],"meta":{},"tags":[]},{"ancestorTitles":["isRealtime detection"],"fullName":"isRealtime detection does not mark o3-mini as realtime","status":"passed","title":"does not mark o3-mini as realtime","duration":0.04658300000005511,"failureMessages":[],"meta":{},"tags":[]},{"ancestorTitles":["isRealtime detection"],"fullName":"isRealtime detection returns isRealtime false for empty model name","status":"passed","title":"returns isRealtime false for empty model name","duration":0.10416599999996379,"failureMessages":[],"meta":{},"tags":[]},{"ancestorTitles":["isRealtime detection"],"fullName":"isRealtime detection preserves vision capability for realtime gpt-4o models","status":"passed","title":"preserves vision capability for realtime gpt-4o models","duration":0.044499999999970896,"failureMessages":[],"meta":{},"tags":[]},{"ancestorTitles":["Kimi K3 capabilities"],"fullName":"Kimi K3 capabilities offers reasoning effort and hides the pinned sampling knobs","status":"passed","title":"offers reasoning effort and hides the pinned sampling knobs","duration":0.10379100000000108,"failureMessages":[],"meta":{},"tags":[]},{"ancestorTitles":["Kimi K3 capabilities"],"fullName":"Kimi K3 capabilities applies the same handling to provider-prefixed K3 ids","status":"passed","title":"applies the same handling to provider-prefixed K3 ids","duration":0.11875000000009095,"failureMessages":[],"meta":{},"tags":[]},{"ancestorTitles":["Kimi K3 capabilities"],"fullName":"Kimi K3 capabilities leaves earlier Kimi generations unchanged","status":"passed","title":"leaves earlier Kimi generations unchanged","duration":0.06283299999995506,"failureMessages":[],"meta":{},"tags":[]}],"startTime":1787188228766,"endTime":1787188228770.1187,"status":"passed","message":"","name":"/Users/runner/work/one-api/one-api/web/modern/src/lib/__tests__/model-capabilities.test.ts"},{"assertionResults":[{"ancestorTitles":["buildLarkOAuthUrl"],"fullName":"buildLarkOAuthUrl includes the OAuth state and redirect URI in the authorize URL","status":"passed","title":"includes the OAuth state and redirect URI in the authorize URL","duration":1.4299590000000535,"failureMessages":[],"meta":{},"tags":[]}],"startTime":1787188249484,"endTime":1787188249485.43,"status":"passed","message":"","name":"/Users/runner/work/one-api/one-api/web/modern/src/lib/__tests__/oauth.test.ts"},{"assertionResults":[{"ancestorTitles":["datetime-local helpers"],"fullName":"datetime-local helpers round-trips epoch seconds via datetime-local","status":"passed","title":"round-trips epoch seconds via datetime-local","duration":1.7881250000000364,"failureMessages":[],"meta":{},"tags":[]},{"ancestorTitles":["datetime-local helpers"],"fullName":"datetime-local helpers handles empty input","status":"passed","title":"handles empty input","duration":1.7757500000000164,"failureMessages":[],"meta":{},"tags":[]},{"ancestorTitles":["datetime-local helpers"],"fullName":"datetime-local helpers toDateTimeLocal returns local timezone format","status":"passed","title":"toDateTimeLocal returns local timezone format","duration":0.22783300000003237,"failureMessages":[],"meta":{},"tags":[]},{"ancestorTitles":["datetime-local helpers"],"fullName":"datetime-local helpers fromDateTimeLocal converts local time to UTC timestamp","status":"passed","title":"fromDateTimeLocal converts local time to UTC timestamp","duration":0.17316699999992125,"failureMessages":[],"meta":{},"tags":[]},{"ancestorTitles":["formatTimestamp"],"fullName":"formatTimestamp formats timestamp in local timezone","status":"passed","title":"formats timestamp in local timezone","duration":0.2564589999999498,"failureMessages":[],"meta":{},"tags":[]},{"ancestorTitles":["formatTimestamp"],"fullName":"formatTimestamp handles invalid timestamps","status":"passed","title":"handles invalid timestamps","duration":0.3716670000000022,"failureMessages":[],"meta":{},"tags":[]},{"ancestorTitles":["timezone specific handling"],"fullName":"timezone specific handling handles Toronto standard time correctly","status":"passed","title":"handles Toronto standard time correctly","duration":1.3374169999999594,"failureMessages":[],"meta":{},"tags":[]},{"ancestorTitles":["timezone specific handling"],"fullName":"timezone specific handling handles Toronto daylight time correctly","status":"passed","title":"handles Toronto daylight time correctly","duration":0.16537499999992633,"failureMessages":[],"meta":{},"tags":[]},{"ancestorTitles":["timezone specific handling"],"fullName":"timezone specific handling round trips across DST boundaries without drift","status":"passed","title":"round trips across DST boundaries without drift","duration":0.570165999999972,"failureMessages":[],"meta":{},"tags":[]}],"startTime":1787188228122,"endTime":1787188228129.57,"status":"passed","message":"","name":"/Users/runner/work/one-api/one-api/web/modern/src/lib/__tests__/utils.test.ts"},{"assertionResults":[{"ancestorTitles":["NotFoundPage"],"fullName":"NotFoundPage shows 404 and countdown, then navigates after 5s","status":"passed","title":"shows 404 and countdown, then navigates after 5s","duration":41.498334,"failureMessages":[],"meta":{},"tags":[]}],"startTime":1787188244919,"endTime":1787188244960.4983,"status":"passed","message":"","name":"/Users/runner/work/one-api/one-api/web/modern/src/pages/__tests__/NotFoundPage.test.tsx"},{"assertionResults":[{"ancestorTitles":["normalizeChannelType"],"fullName":"normalizeChannelType returns numbers as-is when finite","status":"passed","title":"returns numbers as-is when finite","duration":1.0616670000000568,"failureMessages":[],"meta":{},"tags":[]},{"ancestorTitles":["normalizeChannelType"],"fullName":"normalizeChannelType parses numeric strings","status":"passed","title":"parses numeric strings","duration":0.1684579999999869,"failureMessages":[],"meta":{},"tags":[]},{"ancestorTitles":["normalizeChannelType"],"fullName":"normalizeChannelType treats blank values as null","status":"passed","title":"treats blank values as null","duration":0.12020800000004783,"failureMessages":[],"meta":{},"tags":[]},{"ancestorTitles":["normalizeChannelType"],"fullName":"normalizeChannelType filters out non-finite values","status":"passed","title":"filters out non-finite values","duration":0.13979199999994307,"failureMessages":[],"meta":{},"tags":[]}],"startTime":1787188248506,"endTime":1787188248508.14,"status":"passed","message":"","name":"/Users/runner/work/one-api/one-api/web/modern/src/pages/channels/EditChannelPage.test.ts"},{"assertionResults":[{"ancestorTitles":["Dashboard helpers"],"fullName":"Dashboard helpers barColor wraps palette","status":"passed","title":"barColor wraps palette","duration":54.24299999999994,"failureMessages":[],"meta":{},"tags":[]}],"startTime":1787188250097,"endTime":1787188250151.243,"status":"passed","message":"","name":"/Users/runner/work/one-api/one-api/web/modern/src/pages/dashboard/DashboardPage.test.ts"},{"assertionResults":[{"ancestorTitles":["formatTierThreshold"],"fullName":"formatTierThreshold formats input-only thresholds","status":"passed","title":"formats input-only thresholds","duration":1.7650000000001,"failureMessages":[],"meta":{},"tags":[]},{"ancestorTitles":["formatTierThreshold"],"fullName":"formatTierThreshold formats output-only thresholds","status":"passed","title":"formats output-only thresholds","duration":0.7578750000000127,"failureMessages":[],"meta":{},"tags":[]},{"ancestorTitles":["formatTierThreshold"],"fullName":"formatTierThreshold formats combined thresholds","status":"passed","title":"formats combined thresholds","duration":0.27070800000001327,"failureMessages":[],"meta":{},"tags":[]}],"startTime":1787188249197,"endTime":1787188249200.2708,"status":"passed","message":"","name":"/Users/runner/work/one-api/one-api/web/modern/src/pages/models/tier-threshold.test.ts"},{"assertionResults":[{"ancestorTitles":["PersonalSettings"],"fullName":"PersonalSettings hydrates the email from self and shows success after profile update","status":"passed","title":"hydrates the email from self and shows success after profile update","duration":176.51645799999994,"failureMessages":[],"meta":{},"tags":[]},{"ancestorTitles":["PersonalSettings"],"fullName":"PersonalSettings sends a verification code and binds the new email address","status":"passed","title":"sends a verification code and binds the new email address","duration":90.57274999999981,"failureMessages":[],"meta":{},"tags":[]},{"ancestorTitles":["PersonalSettings"],"fullName":"PersonalSettings shows an error notification when generate access token returns success false","status":"passed","title":"shows an error notification when generate access token returns success false","duration":84.80629199999998,"failureMessages":[],"meta":{},"tags":[]},{"ancestorTitles":["PersonalSettings"],"fullName":"PersonalSettings shows an error notification when getting the invite link returns success false","status":"passed","title":"shows an error notification when getting the invite link returns success false","duration":82.16229199999998,"failureMessages":[],"meta":{},"tags":[]}],"startTime":1787188218136,"endTime":1787188218570.1624,"status":"passed","message":"","name":"/Users/runner/work/one-api/one-api/web/modern/src/pages/settings/PersonalSettings.test.tsx"},{"assertionResults":[{"ancestorTitles":["SystemSettings"],"fullName":"SystemSettings renders sensitive options and allows updating secret values","status":"passed","title":"renders sensitive options and allows updating secret values","duration":575.645,"failureMessages":[],"meta":{},"tags":[]}],"startTime":1787188243979,"endTime":1787188244554.645,"status":"passed","message":"","name":"/Users/runner/work/one-api/one-api/web/modern/src/pages/settings/SystemSettings.test.tsx"},{"assertionResults":[{"ancestorTitles":["TopUpPage"],"fullName":"TopUpPage renders and redeems a code","status":"passed","title":"renders and redeems a code","duration":145.631125,"failureMessages":[],"meta":{},"tags":[]},{"ancestorTitles":["TopUpPage"],"fullName":"TopUpPage loads user quota on mount","status":"passed","title":"loads user quota on mount","duration":22.23954200000003,"failureMessages":[],"meta":{},"tags":[]}],"startTime":1787188230597,"endTime":1787188230765.2395,"status":"passed","message":"","name":"/Users/runner/work/one-api/one-api/web/modern/src/pages/topup/TopUpPage.test.tsx"},{"assertionResults":[{"ancestorTitles":["ProtectedRoute"],"fullName":"ProtectedRoute shows loading spinner initially","status":"passed","title":"shows loading spinner initially","duration":18.72333299999991,"failureMessages":[],"meta":{},"tags":[]},{"ancestorTitles":["ProtectedRoute"],"fullName":"ProtectedRoute redirects to login with redirect_to parameter when user is not authenticated","status":"passed","title":"redirects to login with redirect_to parameter when user is not authenticated","duration":6.642957999999908,"failureMessages":[],"meta":{},"tags":[]},{"ancestorTitles":["ProtectedRoute"],"fullName":"ProtectedRoute validates session and renders outlet when user exists","status":"passed","title":"validates session and renders outlet when user exists","duration":10.901624999999967,"failureMessages":[],"meta":{},"tags":[]},{"ancestorTitles":["ProtectedRoute"],"fullName":"ProtectedRoute redirects to login when session validation fails","status":"passed","title":"redirects to login when session validation fails","duration":4.535624999999982,"failureMessages":[],"meta":{},"tags":[]}],"startTime":1787188229480,"endTime":1787188229520.5356,"status":"passed","message":"","name":"/Users/runner/work/one-api/one-api/web/modern/src/components/auth/__tests__/ProtectedRoute.test.tsx"},{"assertionResults":[{"ancestorTitles":["EventLogPanel"],"fullName":"EventLogPanel renders empty state text when no events are present","status":"passed","title":"renders empty state text when no events are present","duration":42.76341600000001,"failureMessages":[],"meta":{},"tags":[]},{"ancestorTitles":["EventLogPanel"],"fullName":"EventLogPanel renders the count badge reflecting events length","status":"passed","title":"renders the count badge reflecting events length","duration":10.759667000000036,"failureMessages":[],"meta":{},"tags":[]},{"ancestorTitles":["EventLogPanel"],"fullName":"EventLogPanel shows direction labels for outgoing and incoming events","status":"passed","title":"shows direction labels for outgoing and incoming events","duration":8.052458000000001,"failureMessages":[],"meta":{},"tags":[]},{"ancestorTitles":["EventLogPanel"],"fullName":"EventLogPanel renders uppercase transport pills for ws and sse","status":"passed","title":"renders uppercase transport pills for ws and sse","duration":7.283916999999974,"failureMessages":[],"meta":{},"tags":[]},{"ancestorTitles":["EventLogPanel"],"fullName":"EventLogPanel renders the event type label as-is","status":"passed","title":"renders the event type label as-is","duration":5.458792000000017,"failureMessages":[],"meta":{},"tags":[]},{"ancestorTitles":["EventLogPanel"],"fullName":"EventLogPanel renders expanded payload JSON when the event id is in expandedEvents","status":"passed","title":"renders expanded payload JSON when the event id is in expandedEvents","duration":4.8292920000000095,"failureMessages":[],"meta":{},"tags":[]},{"ancestorTitles":["EventLogPanel"],"fullName":"EventLogPanel calls onToggleExpand with the event id when the row is clicked","status":"passed","title":"calls onToggleExpand with the event id when the row is clicked","duration":9.292167000000063,"failureMessages":[],"meta":{},"tags":[]},{"ancestorTitles":["EventLogPanel"],"fullName":"EventLogPanel calls onClear when the Clear button is clicked","status":"passed","title":"calls onClear when the Clear button is clicked","duration":91.45462499999996,"failureMessages":[],"meta":{},"tags":[]},{"ancestorTitles":["EventLogPanel"],"fullName":"EventLogPanel hides the Clear button when there are no events","status":"passed","title":"hides the Clear button when there are no events","duration":4.4190830000000005,"failureMessages":[],"meta":{},"tags":[]}],"startTime":1787188228580,"endTime":1787188228764.4192,"status":"passed","message":"","name":"/Users/runner/work/one-api/one-api/web/modern/src/components/chat/__tests__/EventLogPanel.test.tsx"},{"assertionResults":[{"ancestorTitles":["ParametersPanel realtime gating"],"fullName":"ParametersPanel realtime gating shows the standard parameter set for a non-realtime model","status":"passed","title":"shows the standard parameter set for a non-realtime model","duration":129.02250000000004,"failureMessages":[],"meta":{},"tags":[]},{"ancestorTitles":["ParametersPanel realtime gating"],"fullName":"ParametersPanel realtime gating hides irrelevant parameter fields when in realtime mode","status":"passed","title":"hides irrelevant parameter fields when in realtime mode","duration":21.74391700000001,"failureMessages":[],"meta":{},"tags":[]},{"ancestorTitles":["ParametersPanel realtime gating"],"fullName":"ParametersPanel realtime gating shows the Connect button for realtime models when disconnected","status":"passed","title":"shows the Connect button for realtime models when disconnected","duration":23.705917,"failureMessages":[],"meta":{},"tags":[]},{"ancestorTitles":["ParametersPanel realtime gating"],"fullName":"ParametersPanel realtime gating shows the Disconnect button for realtime models when connected","status":"passed","title":"shows the Disconnect button for realtime models when connected","duration":18.245959000000084,"failureMessages":[],"meta":{},"tags":[]},{"ancestorTitles":["ParametersPanel realtime gating"],"fullName":"ParametersPanel realtime gating shows the connecting state with a disabled button when connecting","status":"passed","title":"shows the connecting state with a disabled button when connecting","duration":17.81441700000005,"failureMessages":[],"meta":{},"tags":[]},{"ancestorTitles":["ParametersPanel realtime gating"],"fullName":"ParametersPanel realtime gating calls onConnect when the Connect button is clicked","status":"passed","title":"calls onConnect when the Connect button is clicked","duration":29.787207999999964,"failureMessages":[],"meta":{},"tags":[]},{"ancestorTitles":["ParametersPanel realtime gating"],"fullName":"ParametersPanel realtime gating calls onDisconnect when the Disconnect button is clicked","status":"passed","title":"calls onDisconnect when the Disconnect button is clicked","duration":21.961084000000028,"failureMessages":[],"meta":{},"tags":[]},{"ancestorTitles":["ParametersPanel realtime gating"],"fullName":"ParametersPanel realtime gating disables token and model selectors when realtime is connected","status":"passed","title":"disables token and model selectors when realtime is connected","duration":18.791709000000083,"failureMessages":[],"meta":{},"tags":[]}],"startTime":1787188220616,"endTime":1787188220896.7917,"status":"passed","message":"","name":"/Users/runner/work/one-api/one-api/web/modern/src/components/chat/__tests__/ParametersPanel.realtime.test.tsx"},{"assertionResults":[{"ancestorTitles":["Header mobile overflow prevention"],"fullName":"Header mobile overflow prevention renders header with no horizontal overflow and truncates brand text","status":"passed","title":"renders header with no horizontal overflow and truncates brand text","duration":139.140625,"failureMessages":[],"meta":{},"tags":[]}],"startTime":1787188248555,"endTime":1787188248694.1406,"status":"passed","message":"","name":"/Users/runner/work/one-api/one-api/web/modern/src/components/layout/__tests__/Header.topup.test.tsx"},{"assertionResults":[{"ancestorTitles":["NoticeBanner"],"fullName":"NoticeBanner renders notice banner with markdown content and dismisses on close click","status":"passed","title":"renders notice banner with markdown content and dismisses on close click","duration":57.370542000000114,"failureMessages":[],"meta":{},"tags":[]},{"ancestorTitles":["NoticeBanner"],"fullName":"NoticeBanner does not render banner when notice is empty","status":"passed","title":"does not render banner when notice is empty","duration":4.3529580000001715,"failureMessages":[],"meta":{},"tags":[]},{"ancestorTitles":["NoticeBanner"],"fullName":"NoticeBanner does not render banner when current notice was previously dismissed","status":"passed","title":"does not render banner when current notice was previously dismissed","duration":3.012958000000026,"failureMessages":[],"meta":{},"tags":[]}],"startTime":1787188241004,"endTime":1787188241069.013,"status":"passed","message":"","name":"/Users/runner/work/one-api/one-api/web/modern/src/components/layout/__tests__/NoticeBanner.test.tsx"},{"assertionResults":[{"ancestorTitles":["NameWithId"],"fullName":"NameWithId shows the id when the name is clicked","status":"passed","title":"shows the id when the name is clicked","duration":161.64920799999993,"failureMessages":[],"meta":{},"tags":[]},{"ancestorTitles":["NameWithId"],"fullName":"NameWithId does not bubble name clicks into parent row actions","status":"passed","title":"does not bubble name clicks into parent row actions","duration":46.98129200000005,"failureMessages":[],"meta":{},"tags":[]},{"ancestorTitles":["NameWithId"],"fullName":"NameWithId shows the id when the name receives a touch tap","status":"passed","title":"shows the id when the name receives a touch tap","duration":7.560040999999956,"failureMessages":[],"meta":{},"tags":[]},{"ancestorTitles":["NameWithId"],"fullName":"NameWithId does not bubble touch taps into parent row actions","status":"passed","title":"does not bubble touch taps into parent row actions","duration":6.5155419999998685,"failureMessages":[],"meta":{},"tags":[]}],"startTime":1787188242918,"endTime":1787188243140.5156,"status":"passed","message":"","name":"/Users/runner/work/one-api/one-api/web/modern/src/components/shared/__tests__/NameWithId.test.tsx"},{"assertionResults":[{"ancestorTitles":["SearchableDropdown"],"fullName":"SearchableDropdown keeps server-provided results when the parent owns the search","status":"passed","title":"keeps server-provided results when the parent owns the search","duration":332.05420800000013,"failureMessages":[],"meta":{},"tags":[]},{"ancestorTitles":["SearchableDropdown"],"fullName":"SearchableDropdown filters locally when the caller owns the options","status":"passed","title":"filters locally when the caller owns the options","duration":58.124042000000145,"failureMessages":[],"meta":{},"tags":[]},{"ancestorTitles":["SearchableDropdown"],"fullName":"SearchableDropdown matches local options on their extra keywords","status":"passed","title":"matches local options on their extra keywords","duration":194.48800000000006,"failureMessages":[],"meta":{},"tags":[]}],"startTime":1787188241888,"endTime":1787188242472.488,"status":"passed","message":"","name":"/Users/runner/work/one-api/one-api/web/modern/src/components/ui/__tests__/searchable-dropdown.test.tsx"},{"assertionResults":[{"ancestorTitles":["TimestampDisplay"],"fullName":"TimestampDisplay renders the formatted local timestamp","status":"passed","title":"renders the formatted local timestamp","duration":33.855999999999995,"failureMessages":[],"meta":{},"tags":[]},{"ancestorTitles":["TimestampDisplay"],"fullName":"TimestampDisplay shows the UTC timestamp inside the tooltip","status":"passed","title":"shows the UTC timestamp inside the tooltip","duration":265.766667,"failureMessages":[],"meta":{},"tags":[]},{"ancestorTitles":["TimestampDisplay"],"fullName":"TimestampDisplay renders the fallback when timestamp is invalid","status":"passed","title":"renders the fallback when timestamp is invalid","duration":2.000041999999894,"failureMessages":[],"meta":{},"tags":[]}],"startTime":1787188246360,"endTime":1787188246662,"status":"passed","message":"","name":"/Users/runner/work/one-api/one-api/web/modern/src/components/ui/__tests__/timestamp.test.tsx"},{"assertionResults":[{"ancestorTitles":["LoginPage"],"fullName":"LoginPage renders login form correctly","status":"passed","title":"renders login form correctly","duration":154.65979100000004,"failureMessages":[],"meta":{},"tags":[]},{"ancestorTitles":["LoginPage"],"fullName":"LoginPage handles redirect_to parameter correctly on successful login","status":"skipped","title":"handles redirect_to parameter correctly on successful login","failureMessages":[],"meta":{},"tags":[]},{"ancestorTitles":["LoginPage"],"fullName":"LoginPage shows TOTP input when TOTP is required","status":"passed","title":"shows TOTP input when TOTP is required","duration":44.77595900000006,"failureMessages":[],"meta":{},"tags":[]},{"ancestorTitles":["LoginPage"],"fullName":"LoginPage disables TOTP verify button when code is incomplete","status":"passed","title":"disables TOTP verify button when code is incomplete","duration":64.09474999999998,"failureMessages":[],"meta":{},"tags":[]},{"ancestorTitles":["LoginPage"],"fullName":"LoginPage successfully logs in with valid TOTP code","status":"passed","title":"successfully logs in with valid TOTP code","duration":60.372082999999975,"failureMessages":[],"meta":{},"tags":[]},{"ancestorTitles":["LoginPage"],"fullName":"LoginPage shows the disabled-password notice but keeps the form visible so root can still log in","status":"passed","title":"shows the disabled-password notice but keeps the form visible so root can still log in","duration":24.207832999999937,"failureMessages":[],"meta":{},"tags":[]},{"ancestorTitles":["LoginPage"],"fullName":"LoginPage omits the disabled notice when password_login is enabled","status":"passed","title":"omits the disabled notice when password_login is enabled","duration":12.590999999999894,"failureMessages":[],"meta":{},"tags":[]},{"ancestorTitles":["LoginPage"],"fullName":"LoginPage shows back to login button in TOTP mode","status":"passed","title":"shows back to login button in TOTP mode","duration":42.674749999999904,"failureMessages":[],"meta":{},"tags":[]},{"ancestorTitles":["LoginPage"],"fullName":"LoginPage shows the localized OAuth state error when state acquisition fails without a message","status":"passed","title":"shows the localized OAuth state error when state acquisition fails without a message","duration":34.748083999999835,"failureMessages":[],"meta":{},"tags":[]}],"startTime":1787188211792,"endTime":1787188212230.748,"status":"passed","message":"","name":"/Users/runner/work/one-api/one-api/web/modern/src/pages/auth/__tests__/LoginPage.test.tsx"},{"assertionResults":[{"ancestorTitles":["LoginPage Turnstile integration"],"fullName":"LoginPage Turnstile integration does NOT render Turnstile widget on initial load even when enabled","status":"passed","title":"does NOT render Turnstile widget on initial load even when enabled","duration":99.38679200000001,"failureMessages":[],"meta":{},"tags":[]},{"ancestorTitles":["LoginPage Turnstile integration"],"fullName":"LoginPage Turnstile integration shows Turnstile widget after a failed login returns turnstile_required","status":"passed","title":"shows Turnstile widget after a failed login returns turnstile_required","duration":158.96875,"failureMessages":[],"meta":{},"tags":[]},{"ancestorTitles":["LoginPage Turnstile integration"],"fullName":"LoginPage Turnstile integration blocks second login submission until Turnstile verification completes","status":"passed","title":"blocks second login submission until Turnstile verification completes","duration":89.80449999999996,"failureMessages":[],"meta":{},"tags":[]},{"ancestorTitles":["LoginPage Turnstile integration"],"fullName":"LoginPage Turnstile integration submits login with Turnstile token after failed attempt and verification","status":"passed","title":"submits login with Turnstile token after failed attempt and verification","duration":108.55737499999987,"failureMessages":[],"meta":{},"tags":[]},{"ancestorTitles":["LoginPage Turnstile integration"],"fullName":"LoginPage Turnstile integration does not show Turnstile when turnstile_check is disabled","status":"passed","title":"does not show Turnstile when turnstile_check is disabled","duration":116.32133399999998,"failureMessages":[],"meta":{},"tags":[]}],"startTime":1787188218449,"endTime":1787188219022.3213,"status":"passed","message":"","name":"/Users/runner/work/one-api/one-api/web/modern/src/pages/auth/__tests__/LoginPage.turnstile.test.tsx"},{"assertionResults":[{"ancestorTitles":["OidcOAuthPage"],"fullName":"OidcOAuthPage navigates to / on successful OAuth login","status":"passed","title":"navigates to / on successful OAuth login","duration":42.198667,"failureMessages":[],"meta":{},"tags":[]},{"ancestorTitles":["OidcOAuthPage"],"fullName":"OidcOAuthPage navigates to /settings when message is \"bind\"","status":"passed","title":"navigates to /settings when message is \"bind\"","duration":6.8501249999999345,"failureMessages":[],"meta":{},"tags":[]},{"ancestorTitles":["OidcOAuthPage"],"fullName":"OidcOAuthPage surfaces an error state when the OAuth call fails","status":"passed","title":"surfaces an error state when the OAuth call fails","duration":59.54433300000005,"failureMessages":[],"meta":{},"tags":[]}],"startTime":1787188231624,"endTime":1787188231732.5444,"status":"passed","message":"","name":"/Users/runner/work/one-api/one-api/web/modern/src/pages/auth/__tests__/OidcOAuthPage.test.tsx"},{"assertionResults":[{"ancestorTitles":["RegisterPage OAuth state handling"],"fullName":"RegisterPage OAuth state handling shows the localized OAuth state error instead of launching GitHub OAuth when state creation fails","status":"passed","title":"shows the localized OAuth state error instead of launching GitHub OAuth when state creation fails","duration":146.78545899999995,"failureMessages":[],"meta":{},"tags":[]}],"startTime":1787188241908,"endTime":1787188242054.7854,"status":"passed","message":"","name":"/Users/runner/work/one-api/one-api/web/modern/src/pages/auth/__tests__/RegisterPage.oauth.test.tsx"},{"assertionResults":[{"ancestorTitles":["RegisterPage (modern)"],"fullName":"RegisterPage (modern) prefills affiliate code (aff) from URL into aff_code field","status":"passed","title":"prefills affiliate code (aff) from URL into aff_code field","duration":51.67816699999992,"failureMessages":[],"meta":{},"tags":[]}],"startTime":1787188245364,"endTime":1787188245415.6782,"status":"passed","message":"","name":"/Users/runner/work/one-api/one-api/web/modern/src/pages/auth/__tests__/RegisterPage.test.tsx"},{"assertionResults":[{"ancestorTitles":["RegisterPage Turnstile integration"],"fullName":"RegisterPage Turnstile integration renders the Turnstile widget above the Create Account button","status":"passed","title":"renders the Turnstile widget above the Create Account button","duration":283.1366660000001,"failureMessages":[],"meta":{},"tags":[]},{"ancestorTitles":["RegisterPage Turnstile integration"],"fullName":"RegisterPage Turnstile integration enables Create Account only with both a valid code and a Turnstile token","status":"passed","title":"enables Create Account only with both a valid code and a Turnstile token","duration":179.404583,"failureMessages":[],"meta":{},"tags":[]},{"ancestorTitles":["RegisterPage Turnstile integration"],"fullName":"RegisterPage Turnstile integration rejects a malformed verification code","status":"passed","title":"rejects a malformed verification code","duration":89.373333,"failureMessages":[],"meta":{},"tags":[]},{"ancestorTitles":["RegisterPage Turnstile integration"],"fullName":"RegisterPage Turnstile integration keeps the token after Send Code so the button is never stranded","status":"passed","title":"keeps the token after Send Code so the button is never stranded","duration":215.33224999999993,"failureMessages":[],"meta":{},"tags":[]},{"ancestorTitles":["RegisterPage Turnstile integration"],"fullName":"RegisterPage Turnstile integration submits registration with the held token once the form is complete","status":"passed","title":"submits registration with the held token once the form is complete","duration":310.517208,"failureMessages":[],"meta":{},"tags":[]}],"startTime":1787188221810,"endTime":1787188222888.517,"status":"passed","message":"","name":"/Users/runner/work/one-api/one-api/web/modern/src/pages/auth/__tests__/RegisterPage.turnstile.test.tsx"},{"assertionResults":[{"ancestorTitles":["WeChatOAuthPage"],"fullName":"WeChatOAuthPage navigates to / on successful OAuth login","status":"passed","title":"navigates to / on successful OAuth login","duration":38.91358300000002,"failureMessages":[],"meta":{},"tags":[]},{"ancestorTitles":["WeChatOAuthPage"],"fullName":"WeChatOAuthPage navigates to /settings when message is \"bind\"","status":"passed","title":"navigates to /settings when message is \"bind\"","duration":7.015875000000051,"failureMessages":[],"meta":{},"tags":[]},{"ancestorTitles":["WeChatOAuthPage"],"fullName":"WeChatOAuthPage surfaces an error state when the OAuth call fails","status":"passed","title":"surfaces an error state when the OAuth call fails","duration":59.92862500000001,"failureMessages":[],"meta":{},"tags":[]}],"startTime":1787188232478,"endTime":1787188232583.9287,"status":"passed","message":"","name":"/Users/runner/work/one-api/one-api/web/modern/src/pages/auth/__tests__/WeChatOAuthPage.test.tsx"},{"assertionResults":[{"ancestorTitles":["ChannelsPage balance refresh"],"fullName":"ChannelsPage balance refresh refreshes a single row balance via per-row icon","status":"passed","title":"refreshes a single row balance via per-row icon","duration":334.37354199999993,"failureMessages":[],"meta":{},"tags":[]},{"ancestorTitles":["ChannelsPage balance refresh"],"fullName":"ChannelsPage balance refresh refreshes all balances from header bulk action","status":"passed","title":"refreshes all balances from header bulk action","duration":216.02537499999994,"failureMessages":[],"meta":{},"tags":[]}],"startTime":1787188235012,"endTime":1787188235562.0254,"status":"passed","message":"","name":"/Users/runner/work/one-api/one-api/web/modern/src/pages/channels/__tests__/ChannelsPage.balance.test.tsx"},{"assertionResults":[{"ancestorTitles":["ChannelsPage bulk enable/disable"],"fullName":"ChannelsPage bulk enable/disable disables all visible channels via bulk action","status":"passed","title":"disables all visible channels via bulk action","duration":503.83349999999996,"failureMessages":[],"meta":{},"tags":[]}],"startTime":1787188239421,"endTime":1787188239924.8335,"status":"passed","message":"","name":"/Users/runner/work/one-api/one-api/web/modern/src/pages/channels/__tests__/ChannelsPage.bulk-status.test.tsx"},{"assertionResults":[{"ancestorTitles":["ChannelsPage priority editor"],"fullName":"ChannelsPage priority editor saves a changed priority on blur","status":"passed","title":"saves a changed priority on blur","duration":442.84570899999994,"failureMessages":[],"meta":{},"tags":[]},{"ancestorTitles":["ChannelsPage priority editor"],"fullName":"ChannelsPage priority editor does not call api.put when value is unchanged","status":"passed","title":"does not call api.put when value is unchanged","duration":121.48075000000017,"failureMessages":[],"meta":{},"tags":[]}],"startTime":1787188238111,"endTime":1787188238675.4807,"status":"passed","message":"","name":"/Users/runner/work/one-api/one-api/web/modern/src/pages/channels/__tests__/ChannelsPage.priority.test.tsx"},{"assertionResults":[{"ancestorTitles":["ChannelsPage Pagination"],"fullName":"ChannelsPage Pagination should load initial data with default page size","status":"passed","title":"should load initial data with default page size","duration":319.1703749999999,"failureMessages":[],"meta":{},"tags":[]},{"ancestorTitles":["ChannelsPage Pagination"],"fullName":"ChannelsPage Pagination should not make duplicate API calls when changing page size","status":"passed","title":"should not make duplicate API calls when changing page size","duration":757.6938749999999,"failureMessages":[],"meta":{},"tags":[]},{"ancestorTitles":["ChannelsPage Pagination"],"fullName":"ChannelsPage Pagination should handle page navigation correctly","status":"passed","title":"should handle page navigation correctly","duration":711.1865420000004,"failureMessages":[],"meta":{},"tags":[]},{"ancestorTitles":["ChannelsPage Pagination"],"fullName":"ChannelsPage Pagination should handle sorting without duplicate calls","status":"passed","title":"should handle sorting without duplicate calls","duration":693.012166,"failureMessages":[],"meta":{},"tags":[]},{"ancestorTitles":["ChannelsPage Pagination"],"fullName":"ChannelsPage Pagination should duplicate a channel with copied configuration","status":"passed","title":"should duplicate a channel with copied configuration","duration":328.65987499999983,"failureMessages":[],"meta":{},"tags":[]},{"ancestorTitles":["ChannelsPage Pagination"],"fullName":"ChannelsPage Pagination should show the channel name and type in the delete confirmation dialog","status":"passed","title":"should show the channel name and type in the delete confirmation dialog","duration":268.04241699999966,"failureMessages":[],"meta":{},"tags":[]},{"ancestorTitles":["ChannelsPage Pagination"],"fullName":"ChannelsPage Pagination shows an error notification when delete returns success false","status":"passed","title":"shows an error notification when delete returns success false","duration":484.2209579999999,"failureMessages":[],"meta":{},"tags":[]},{"ancestorTitles":["ChannelsPage Pagination"],"fullName":"ChannelsPage Pagination shows an error notification when bulk test returns success false","status":"passed","title":"shows an error notification when bulk test returns success false","duration":574.620833,"failureMessages":[],"meta":{},"tags":[]},{"ancestorTitles":["ChannelsPage Pagination"],"fullName":"ChannelsPage Pagination only offers text-compatible testing models and clears to CHEAPEST","status":"passed","title":"only offers text-compatible testing models and clears to CHEAPEST","duration":77.48491599999943,"failureMessages":[],"meta":{},"tags":[]},{"ancestorTitles":["ChannelsPage Pagination"],"fullName":"ChannelsPage Pagination filters non-text testing models when the server field is missing","status":"passed","title":"filters non-text testing models when the server field is missing","duration":56.98254200000065,"failureMessages":[],"meta":{},"tags":[]}],"startTime":1787188213305,"endTime":1787188217575.9824,"status":"passed","message":"","name":"/Users/runner/work/one-api/one-api/web/modern/src/pages/channels/__tests__/ChannelsPage.test.tsx"},{"assertionResults":[{"ancestorTitles":["buildChannelSubmitPayload nullable empty fields"],"fullName":"buildChannelSubmitPayload nullable empty fields sends \"model_mapping\" as JSON null when the user clears it (empty string)","status":"passed","title":"sends \"model_mapping\" as JSON null when the user clears it (empty string)","duration":1.5968330000000606,"failureMessages":[],"meta":{},"tags":[]},{"ancestorTitles":["buildChannelSubmitPayload nullable empty fields"],"fullName":"buildChannelSubmitPayload nullable empty fields sends \"model_mapping\" as JSON null when the user enters whitespace-only input","status":"passed","title":"sends \"model_mapping\" as JSON null when the user enters whitespace-only input","duration":0.18820800000003146,"failureMessages":[],"meta":{},"tags":[]},{"ancestorTitles":["buildChannelSubmitPayload nullable empty fields"],"fullName":"buildChannelSubmitPayload nullable empty fields sends \"model_configs\" as JSON null when the user clears it (empty string)","status":"passed","title":"sends \"model_configs\" as JSON null when the user clears it (empty string)","duration":0.20070799999996325,"failureMessages":[],"meta":{},"tags":[]},{"ancestorTitles":["buildChannelSubmitPayload nullable empty fields"],"fullName":"buildChannelSubmitPayload nullable empty fields sends \"model_configs\" as JSON null when the user enters whitespace-only input","status":"passed","title":"sends \"model_configs\" as JSON null when the user enters whitespace-only input","duration":0.0692909999999074,"failureMessages":[],"meta":{},"tags":[]},{"ancestorTitles":["buildChannelSubmitPayload nullable empty fields"],"fullName":"buildChannelSubmitPayload nullable empty fields sends \"inference_profile_arn_map\" as JSON null when the user clears it (empty string)","status":"passed","title":"sends \"inference_profile_arn_map\" as JSON null when the user clears it (empty string)","duration":0.17845899999997528,"failureMessages":[],"meta":{},"tags":[]},{"ancestorTitles":["buildChannelSubmitPayload nullable empty fields"],"fullName":"buildChannelSubmitPayload nullable empty fields sends \"inference_profile_arn_map\" as JSON null when the user enters whitespace-only input","status":"passed","title":"sends \"inference_profile_arn_map\" as JSON null when the user enters whitespace-only input","duration":0.06429200000002311,"failureMessages":[],"meta":{},"tags":[]},{"ancestorTitles":["buildChannelSubmitPayload nullable empty fields"],"fullName":"buildChannelSubmitPayload nullable empty fields sends \"system_prompt\" as JSON null when the user clears it (empty string)","status":"passed","title":"sends \"system_prompt\" as JSON null when the user clears it (empty string)","duration":0.17337499999996453,"failureMessages":[],"meta":{},"tags":[]},{"ancestorTitles":["buildChannelSubmitPayload nullable empty fields"],"fullName":"buildChannelSubmitPayload nullable empty fields sends \"system_prompt\" as JSON null when the user enters whitespace-only input","status":"passed","title":"sends \"system_prompt\" as JSON null when the user enters whitespace-only input","duration":0.06500000000005457,"failureMessages":[],"meta":{},"tags":[]},{"ancestorTitles":["buildChannelSubmitPayload preserves non-empty values"],"fullName":"buildChannelSubmitPayload preserves non-empty values keeps a present model_mapping in the payload (sanitised to strict JSON)","status":"passed","title":"keeps a present model_mapping in the payload (sanitised to strict JSON)","duration":0.5413750000000164,"failureMessages":[],"meta":{},"tags":[]},{"ancestorTitles":["buildChannelSubmitPayload preserves non-empty values"],"fullName":"buildChannelSubmitPayload preserves non-empty values sanitises JSONC model_configs to strict JSON without changing semantics","status":"passed","title":"sanitises JSONC model_configs to strict JSON without changing semantics","duration":0.6344590000001062,"failureMessages":[],"meta":{},"tags":[]},{"ancestorTitles":["buildChannelSubmitPayload preserves non-empty values"],"fullName":"buildChannelSubmitPayload preserves non-empty values keeps a present inference_profile_arn_map in the payload","status":"passed","title":"keeps a present inference_profile_arn_map in the payload","duration":0.15762500000005275,"failureMessages":[],"meta":{},"tags":[]},{"ancestorTitles":["buildChannelSubmitPayload preserves non-empty values"],"fullName":"buildChannelSubmitPayload preserves non-empty values keeps a present system_prompt in the payload (no sanitisation applied)","status":"passed","title":"keeps a present system_prompt in the payload (no sanitisation applied)","duration":0.058583999999996195,"failureMessages":[],"meta":{},"tags":[]},{"ancestorTitles":["buildChannelSubmitPayload key handling on edit"],"fullName":"buildChannelSubmitPayload key handling on edit removes the key field entirely when editing with an empty key","status":"passed","title":"removes the key field entirely when editing with an empty key","duration":0.0634579999999687,"failureMessages":[],"meta":{},"tags":[]},{"ancestorTitles":["buildChannelSubmitPayload key handling on edit"],"fullName":"buildChannelSubmitPayload key handling on edit removes the key field when editing with a whitespace-only key","status":"passed","title":"removes the key field when editing with a whitespace-only key","duration":0.08495900000002621,"failureMessages":[],"meta":{},"tags":[]},{"ancestorTitles":["buildChannelSubmitPayload key handling on edit"],"fullName":"buildChannelSubmitPayload key handling on edit keeps a non-empty key when editing","status":"passed","title":"keeps a non-empty key when editing","duration":0.04270899999994526,"failureMessages":[],"meta":{},"tags":[]},{"ancestorTitles":["buildChannelSubmitPayload key handling on edit"],"fullName":"buildChannelSubmitPayload key handling on edit keeps an empty key on create instead of dropping the field","status":"passed","title":"keeps an empty key on create instead of dropping the field","duration":0.058708000000024185,"failureMessages":[],"meta":{},"tags":[]},{"ancestorTitles":["buildChannelSubmitPayload misc shape guarantees"],"fullName":"buildChannelSubmitPayload misc shape guarantees joins models[] into a comma-separated string","status":"passed","title":"joins models[] into a comma-separated string","duration":0.06783299999995052,"failureMessages":[],"meta":{},"tags":[]},{"ancestorTitles":["buildChannelSubmitPayload misc shape guarantees"],"fullName":"buildChannelSubmitPayload misc shape guarantees serialises hidden_models as JSON array string when non-empty","status":"passed","title":"serialises hidden_models as JSON array string when non-empty","duration":0.052083999999922526,"failureMessages":[],"meta":{},"tags":[]},{"ancestorTitles":["buildChannelSubmitPayload misc shape guarantees"],"fullName":"buildChannelSubmitPayload misc shape guarantees sets hidden_models to null when the trimmed list is empty","status":"passed","title":"sets hidden_models to null when the trimmed list is empty","duration":0.04891699999996035,"failureMessages":[],"meta":{},"tags":[]},{"ancestorTitles":["buildChannelSubmitPayload misc shape guarantees"],"fullName":"buildChannelSubmitPayload misc shape guarantees serialises custom headers in channel config with API-key placeholders intact","status":"passed","title":"serialises custom headers in channel config with API-key placeholders intact","duration":0.1514590000000453,"failureMessages":[],"meta":{},"tags":[]},{"ancestorTitles":["buildChannelSubmitPayload misc shape guarantees"],"fullName":"buildChannelSubmitPayload misc shape guarantees serialises per-endpoint upstream URL overrides in channel config","status":"passed","title":"serialises per-endpoint upstream URL overrides in channel config","duration":0.0593340000000353,"failureMessages":[],"meta":{},"tags":[]},{"ancestorTitles":["buildChannelSubmitPayload misc shape guarantees"],"fullName":"buildChannelSubmitPayload misc shape guarantees joins groups[] into a comma-separated `group` field and removes `groups`","status":"passed","title":"joins groups[] into a comma-separated `group` field and removes `groups`","duration":0.050374999999917236,"failureMessages":[],"meta":{},"tags":[]},{"ancestorTitles":["buildChannelSubmitPayload misc shape guarantees"],"fullName":"buildChannelSubmitPayload misc shape guarantees stringif
[...]
001b[39m\n            \u001b[36m>\u001b[39m\n              \u001b[36m<div\u001b[39m\n                \u001b[33mclass\u001b[39m=\u001b[32m\"p-6 h-full flex flex-col\"\u001b[39m\n              \u001b[36m>\u001b[39m\n                \u001b[36m<div\u001b[39m\n                  \u001b[33mclass\u001b[39m=\u001b[32m\"flex items-start justify-between gap-2\"\u001b[39m\n                \u001b[36m>\u001b[39m\n                  \u001b[36m<p\u001b[39m\n                    \u001b[33mclass\u001b[39m=\u001b[32m\"text-sm text-muted-foreground\"\u001b[39m\n                  \u001b[36m>\u001b[39m\n                    \u001b[0mCurrent Balance\u001b[0m\n                  \u001b[36m</p>\u001b[39m\n                  \u001b[36m<button\u001b[39m\n                    \u001b[33maria-label\u001b[39m=\u001b[32m\"Refresh Balance\"\u001b[39m\n                    \u001b[33mclass\u001b[39m=\u001b[32m\"inline-flex items-center justify-center whitespace-nowrap rounded-md text-sm font-medium transition-colors focus-visible:outline-none focus-visible:ring-2 focus-visible:ring-ring focus-visible:ring-offset-2 disabled:opacity-50 disabled:pointer-events-none bg-transparent hover:bg-accent px-3 -mr-2 -mt-2 min-h-11 min-w-11 h-11 text-muted-foreground hover:text-foreground\"\u001b[39m\n                    \u001b[33mdata-label\u001b[39m=\u001b[32m\"Refresh Balance\"\u001b[39m\n                  \u001b[36m>\u001b[39m\n                    \u001b[36m<svg\u001b[39m\n                      \u001b[33maria-hidden\u001b[39m=\u001b[32m\"true\"\u001b[39m\n                      \u001b[33mclass\u001b[39m=\u001b[32m\"lucide lucide-refresh-cw h-4 w-4\"\u001b[39m\n                      \u001b[33mfill\u001b[39m=\u001b[32m\"none\"\u001b[39m\n                      \u001b[33mheight\u001b[39m=\u001b[32m\"24\"\u001b[39m\n                      \u001b[33mstroke\u001b[39m=\u001b[32m\"currentColor\"\u001b[39m\n                      \u001b[33mstroke-linecap\u001b[39m=\u001b[32m\"round\"\u001b[39m\n                      \u001b[33mstroke-linejoin\u001b[39m=\u001b[32m\"round\"\u001b[39m\n                      \u001b[33mstroke-width\u001b[39m=\u001b[32m\"2\"\u001b[39m\n                      \u001b[33mviewBox\u001b[39m=\u001b[32m\"0 0 24 24\"\u001b[39m\n                      \u001b[33mwidth\u001b[39m=\u001b[32m\"24\"\u001b[39m\n                      \u001b[33mxmlns\u001b[39m=\u001b[32m\"http://www.w3.org/2000/svg\"\u001b[39m\n                    \u001b[36m>\u001b[39m\n                      \u001b[36m<path\u001b[39m\n                        \u001b[33md\u001b[39m=\u001b[32m\"M3 12a9 9 0 0 1 9-9 9.75 9.75 0 0 1 6.74 2.74L21 8\"\u001b[39m\n                      \u001b[36m/>\u001b[39m\n                      \u001b[36m<path\u001b[39m\n                        \u001b[33md\u001b[39m=\u001b[32m\"M21 3v5h-5\"\u001b[39m\n                      \u001b[36m/>\u001b[39m\n                      \u001b[36m<path\u001b[39m\n                        \u001b[33md\u001b[39m=\u001b[32m\"M21 12a9 9 0 0 1-9 9 9.75 9.75 0 0 1-6.74-2.74L3 16\"\u001b[39m\n                      \u001b[36m/>\u001b[39m\n                      \u001b[36m<path\u001b[39m\n                        \u001b[33md\u001b[39m=\u001b[32m\"M8 16H3v5\"\u001b[39m\n                      \u001b[36m/>\u001b[39m\n                    \u001b[36m</svg>\u001b[39m\n                  \u001b[36m</button>\u001b[39m\n                \u001b[36m</div>\u001b[39m\n                \u001b[36m<p\u001b[39m\n                  \u001b[33mclass\u001b[39m=\u001b[32m\"mt-1 text-4xl font-semibold tracking-tight tabular-nums text-foreground\"\u001b[39m\n                \u001b[36m>\u001b[39m\n                  \u001b[0m$0.00\u001b[0m\n                \u001b[36m</p>\u001b[39m\n                \u001b[36m<p\u001b[39m\n                  \u001b[33mclass\u001b[39m=\u001b[32m\"mt-1 text-xs text-muted-foreground tabular-nums\"\u001b[39m\n                \u001b[36m>\u001b[39m\n                  \u001b[0m1,000 tokens\u001b[0m\n                \u001b[36m</p>\u001b[39m\n                \u001b[36m<p\u001b[39m\n                  \u001b[33mclass\u001b[39m=\u001b[32m\"mt-auto pt-6 text-xs text-muted-foreground\"\u001b[39m\n                \u001b[36m>\u001b[39m\n                  \u001b[0mCredits are billed in USD and never expire.\u001b[0m\n                \u001b[36m</p>\u001b[39m\n              \u001b[36m</div>\u001b[39m\n            \u001b[36m</div>\u001b[39m\n            \u001b[36m<div\u001b[39m\n              \u001b[33mclass\u001b[39m=\u001b[32m\"rounded-lg border bg-card text-card-foreground shadow-sm lg:col-span-3\"\u001b[39m\n            \u001b[36m>\u001b[39m\n              \u001b[36m<div\u001b[39m\n                \u001b[33mclass\u001b[39m=\u001b[32m\"flex flex-col space-y-1.5 p-6\"\u001b[39m\n              \u001b[36m>\u001b[39m\n                \u001b[36m<div\u001b[39m\n                  \u001b[33mclass\u001b[39m=\u001b[32m\"flex items-center gap-2\"\u001b[39m\n                \u001b[36m>\u001b[39m\n                  \u001b[36m<svg\u001b[39m\n                    \u001b[33maria-hidden\u001b[39m=\u001b[32m\"true\"\u001b[39m\n                    \u001b[33mclass\u001b[39m=\u001b[32m\"lucide lucide-credit-card h-4 w-4 text-muted-foreground\"\u001b[39m\n                    \u001b[33mfill\u001b[39m=\u001b[32m\"none\"\u001b[39m\n                    \u001b[33mheight\u001b[39m=\u001b[32m\"24\"\u001b[39m\n                    \u001b[33mstroke\u001b[39m=\u001b[32m\"currentColor\"\u001b[39m\n                    \u001b[33mstroke-linecap\u001b[39m=\u001b[32m\"round\"\u001b[39m\n                    \u001b[33mstroke-linejoin\u001b[39m=\u001b[32m\"round\"\u001b[39m\n                    \u001b[33mstroke-width\u001b[39m=\u001b[32m\"2\"\u001b[39m\n                    \u001b[33mviewBox\u001b[39m=\u001b[32m\"0 0 24 24\"\u001b[39m\n                    \u001b[33mwidth\u001b[39m=\u001b[32m\"24\"\u001b[39m\n                    \u001b[33mxmlns\u001b[39m=\u001b[32m\"http://www.w3.org/2000/svg\"\u001b[39m\n                  \u001b[36m>\u001b[39m\n                    \u001b[36m<rect\u001b[39m\n                      \u001b[33mheight\u001b[39m=\u001b[32m\"14\"\u001b[39m\n                      \u001b[33mrx\u001b[39m=\u001b[32m\"2\"\u001b[39m\n                      \u001b[33mwidth\u001b[39m=\u001b[32m\"20\"\u001b[39m\n                      \u001b[33mx\u001b[39m=\u001b[32m\"2\"\u001b[39m\n                      \u001b[33my\u001b[39m=\u001b[32m\"5\"\u001b[39m\n                    \u001b[36m/>\u001b[39m\n                    \u001b[36m<line\u001b[39m\n                      \u001b[33mx1\u001b[39m=\u001b[32m\"2\"\u001b[39m\n                      \u001b[33mx2\u001b[39m=\u001b[32m\"22\"\u001b[39m\n                      \u001b[33my1\u001b[39m=\u001b[32m\"10\"\u001b[39m\n                      \u001b[33my2\u001b[39m=\u001b[32m\"10\"\u001b[39m\n                    \u001b[36m/>\u001b[39m\n                  \u001b[36m</svg>\u001b[39m\n                  \u001b[36m<h3\u001b[39m\n                    \u001b[33mclass\u001b[39m=\u001b[32m\"text-lg font-semibold leading-none tracking-tight\"\u001b[39m\n                  \u001b[36m>\u001b[39m\n                    \u001b[0mAdd credits\u001b[0m\n                  \u001b[36m</h3>\u001b[39m\n                \u001b[36m</div>\u001b[39m\n                \u001b[36m<p\u001b[39m\n                  \u001b[33mclass\u001b[39m=\u001b[32m\"text-sm text-muted-foreground\"\u001b[39m\n                \u001b[36m>\u001b[39m\n                  \u001b[0mPay by ...\n    at waitForWrapper (/Users/runner/work/one-api/one-api/web/modern/node_modules/@testing-library/dom/dist/wait-for.js:163:27)\n    at /Users/runner/work/one-api/one-api/web/modern/node_modules/@testing-library/dom/dist/query-helpers.js:86:33\n    at /Users/runner/work/one-api/one-api/web/modern/src/pages/topup/__tests__/TopUpPage.amount.test.tsx:108:33\n    at file:///Users/runner/work/one-api/one-api/web/modern/node_modules/@vitest/runner/dist/chunk-artifact.js:302:11\n    at file:///Users/runner/work/one-api/one-api/web/modern/node_modules/@vitest/runner/dist/chunk-artifact.js:1903:26\n    at file:///Users/runner/work/one-api/one-api/web/modern/node_modules/@vitest/runner/dist/chunk-artifact.js:2326:20\n    at new Promise (<anonymous>)\n    at runWithCancel (file:///Users/runner/work/one-api/one-api/web/modern/node_modules/@vitest/runner/dist/chunk-artifact.js:2323:10)\n    at file:///Users/runner/work/one-api/one-api/web/modern/node_modules/@vitest/runner/dist/chunk-artifact.js:2305:20\n    at new Promise (<anonymous>)"],"meta":{},"tags":[]},{"ancestorTitles":["TopUpPage: Stripe checkout behavior"],"fullName":"TopUpPage: Stripe checkout behavior shows the cancel outcome from the query string","status":"passed","title":"shows the cancel outcome from the query string","duration":26.696292000000085,"failureMessages":[],"meta":{},"tags":[]},{"ancestorTitles":["TopUpPage: Stripe checkout behavior"],"fullName":"TopUpPage: Stripe checkout behavior polls fulfillment and refreshes balance and history after paid status","status":"passed","title":"polls fulfillment and refreshes balance and history after paid status","duration":35.92450000000008,"failureMessages":[],"meta":{},"tags":[]}],"startTime":1787188225629,"endTime":1787188227762.9246,"status":"failed","message":"","name":"/Users/runner/work/one-api/one-api/web/modern/src/pages/topup/__tests__/TopUpPage.amount.test.tsx"},{"assertionResults":[{"ancestorTitles":["EditUserPage 2FA disable button"],"fullName":"EditUserPage 2FA disable button renders disable 2FA button when admin views another user and triggers API call on confirm","status":"passed","title":"renders disable 2FA button when admin views another user and triggers API call on confirm","duration":305.917833,"failureMessages":[],"meta":{},"tags":[]},{"ancestorTitles":["EditUserPage 2FA disable button"],"fullName":"EditUserPage 2FA disable button does not render disable 2FA button when admin edits their own profile","status":"passed","title":"does not render disable 2FA button when admin edits their own profile","duration":48.453083000000106,"failureMessages":[],"meta":{},"tags":[]}],"startTime":1787188230524,"endTime":1787188230878.4531,"status":"passed","message":"","name":"/Users/runner/work/one-api/one-api/web/modern/src/pages/users/__tests__/EditUserPage.test.tsx"},{"assertionResults":[{"ancestorTitles":["UsersPage promote/demote/disable_2fa actions"],"fullName":"UsersPage promote/demote/disable_2fa actions hides Promote action when current user is not super admin","status":"passed","title":"hides Promote action when current user is not super admin","duration":323.72620800000004,"failureMessages":[],"meta":{},"tags":[]},{"ancestorTitles":["UsersPage promote/demote/disable_2fa actions"],"fullName":"UsersPage promote/demote/disable_2fa actions shows Promote when super admin views a regular user","status":"passed","title":"shows Promote when super admin views a regular user","duration":110.87166699999989,"failureMessages":[],"meta":{},"tags":[]},{"ancestorTitles":["UsersPage promote/demote/disable_2fa actions"],"fullName":"UsersPage promote/demote/disable_2fa actions promotes a user, updates the row role, and notifies success","status":"passed","title":"promotes a user, updates the row role, and notifies success","duration":242.99037500000009,"failureMessages":[],"meta":{},"tags":[]},{"ancestorTitles":["UsersPage promote/demote/disable_2fa actions"],"fullName":"UsersPage promote/demote/disable_2fa actions shows error notification when promote fails","status":"passed","title":"shows error notification when promote fails","duration":219.68358399999988,"failureMessages":[],"meta":{},"tags":[]},{"ancestorTitles":["UsersPage promote/demote/disable_2fa actions"],"fullName":"UsersPage promote/demote/disable_2fa actions demotes an admin and updates the row role","status":"passed","title":"demotes an admin and updates the row role","duration":230.08554200000026,"failureMessages":[],"meta":{},"tags":[]},{"ancestorTitles":["UsersPage promote/demote/disable_2fa actions"],"fullName":"UsersPage promote/demote/disable_2fa actions shows error notification when demote fails","status":"passed","title":"shows error notification when demote fails","duration":217.79516700000022,"failureMessages":[],"meta":{},"tags":[]},{"ancestorTitles":["UsersPage promote/demote/disable_2fa actions"],"fullName":"UsersPage promote/demote/disable_2fa actions deletes a user row when the backend confirms success","status":"passed","title":"deletes a user row when the backend confirms success","duration":128.76433399999996,"failureMessages":[],"meta":{},"tags":[]},{"ancestorTitles":["UsersPage promote/demote/disable_2fa actions"],"fullName":"UsersPage promote/demote/disable_2fa actions shows error notification when delete returns success false","status":"passed","title":"shows error notification when delete returns success false","duration":77.78958299999977,"failureMessages":[],"meta":{},"tags":[]},{"ancestorTitles":["UsersPage promote/demote/disable_2fa actions"],"fullName":"UsersPage promote/demote/disable_2fa actions shows an error notification when top up returns success false","status":"passed","title":"shows an error notification when top up returns success false","duration":162.1750830000001,"failureMessages":[],"meta":{},"tags":[]},{"ancestorTitles":["UsersPage promote/demote/disable_2fa actions"],"fullName":"UsersPage promote/demote/disable_2fa actions disables 2FA after confirmation and notifies success","status":"passed","title":"disables 2FA after confirmation and notifies success","duration":118.42483300000004,"failureMessages":[],"meta":{},"tags":[]},{"ancestorTitles":["UsersPage promote/demote/disable_2fa actions"],"fullName":"UsersPage promote/demote/disable_2fa actions shows error notification when disable 2FA fails","status":"passed","title":"shows error notification when disable 2FA fails","duration":113.91158300000006,"failureMessages":[],"meta":{},"tags":[]}],"startTime":1787188211084,"endTime":1787188213029.9116,"status":"passed","message":"","name":"/Users/runner/work/one-api/one-api/web/modern/src/pages/users/__tests__/UsersPage.test.tsx"},{"assertionResults":[{"ancestorTitles":["ChannelModelSettings"],"fullName":"ChannelModelSettings loads default model configs into the form","status":"passed","title":"loads default model configs into the form","duration":176.81941599999993,"failureMessages":[],"meta":{},"tags":[]},{"ancestorTitles":["ChannelModelSettings"],"fullName":"ChannelModelSettings shows non-blocking hidden-model warnings","status":"passed","title":"shows non-blocking hidden-model warnings","duration":26.993875000000116,"failureMessages":[],"meta":{},"tags":[]},{"ancestorTitles":["ChannelModelSettings"],"fullName":"ChannelModelSettings warns when Model Mapping keys are not listed in Supported Models","status":"passed","title":"warns when Model Mapping keys are not listed in Supported Models","duration":20.09024999999997,"failureMessages":[],"meta":{},"tags":[]},{"ancestorTitles":["ChannelModelSettings"],"fullName":"ChannelModelSettings flags invalid Model Mapping JSON with a destructive banner","status":"passed","title":"flags invalid Model Mapping JSON with a destructive banner","duration":16.501250000000027,"failureMessages":[],"meta":{},"tags":[]},{"ancestorTitles":["ChannelModelSettings"],"fullName":"ChannelModelSettings flags non-object Model Mapping JSON","status":"passed","title":"flags non-object Model Mapping JSON","duration":18.885500000000093,"failureMessages":[],"meta":{},"tags":[]},{"ancestorTitles":["ChannelModelSettings"],"fullName":"ChannelModelSettings flags empty or non-string Model Mapping values as destructive errors","status":"passed","title":"flags empty or non-string Model Mapping values as destructive errors","duration":21.79404099999988,"failureMessages":[],"meta":{},"tags":[]},{"ancestorTitles":["ChannelModelSettings"],"fullName":"ChannelModelSettings warns when Model Mapping targets are not recognized by the channel","status":"passed","title":"warns when Model Mapping targets are not recognized by the channel","duration":19.162333999999873,"failureMessages":[],"meta":{},"tags":[]},{"ancestorTitles":["ChannelModelSettings"],"fullName":"ChannelModelSettings does not warn when all Model Mapping keys are in Supported Models","status":"passed","title":"does not warn when all Model Mapping keys are in Supported Models","duration":17.374500000000126,"failureMessages":[],"meta":{},"tags":[]},{"ancestorTitles":["ChannelModelSettings"],"fullName":"ChannelModelSettings validates Model Mapping source and target casing exactly while keeping hidden-model support folded","status":"passed","title":"validates Model Mapping source and target casing exactly while keeping hidden-model support folded","duration":26.919750000000022,"failureMessages":[],"meta":{},"tags":[]}],"startTime":1787188216819,"endTime":1787188217163.9197,"status":"passed","message":"","name":"/Users/runner/work/one-api/one-api/web/modern/src/pages/channels/components/__tests__/ChannelModelSettings.test.tsx"},{"assertionResults":[{"ancestorTitles":["Channel key prompts and multi-part inputs"],"fullName":"Channel key prompts and multi-part inputs Baidu (type 15) shows APIKey|SecretKey prompt","status":"passed","title":"Baidu (type 15) shows APIKey|SecretKey prompt","duration":73.47825,"failureMessages":[],"meta":{},"tags":[]},{"ancestorTitles":["Channel key prompts and multi-part inputs"],"fullName":"Channel key prompts and multi-part inputs FastGPT (type 22) shows APIKey-AppId example placeholder","status":"passed","title":"FastGPT (type 22) shows APIKey-AppId example placeholder","duration":16.201125000000047,"failureMessages":[],"meta":{},"tags":[]},{"ancestorTitles":["Channel key prompts and multi-part inputs"],"fullName":"Channel key prompts and multi-part inputs Baichuan (type 26) shows APIKey|SecretKey prompt","status":"passed","title":"Baichuan (type 26) shows APIKey|SecretKey prompt","duration":0.20208400000001348,"failureMessages":[],"meta":{},"tags":[]},{"ancestorTitles":["Channel key prompts and multi-part inputs"],"fullName":"Channel key prompts and multi-part inputs iFlytek Spark (type 18) renders three separate credential inputs","status":"passed","title":"iFlytek Spark (type 18) renders three separate credential inputs","duration":83.323667,"failureMessages":[],"meta":{},"tags":[]},{"ancestorTitles":["Channel key prompts and multi-part inputs"],"fullName":"Channel key prompts and multi-part inputs Tencent Hunyuan (type 23) renders three separate credential inputs","status":"passed","title":"Tencent Hunyuan (type 23) renders three separate credential inputs","duration":14.009208000000172,"failureMessages":[],"meta":{},"tags":[]}],"startTime":1787188229641,"endTime":1787188229829.0093,"status":"passed","message":"","name":"/Users/runner/work/one-api/one-api/web/modern/src/pages/channels/components/__tests__/ChannelSpecificConfig.key-prompts.test.tsx"},{"assertionResults":[{"ancestorTitles":["LogModelCell"],"fullName":"LogModelCell shows the billed model in the cell and both names in the tooltip content","status":"passed","title":"shows the billed model in the cell and both names in the tooltip content","duration":21.690709000000084,"failureMessages":[],"meta":{},"tags":[]},{"ancestorTitles":["LogModelCell"],"fullName":"LogModelCell renders plain billed model text when the requested model is unavailable","status":"passed","title":"renders plain billed model text when the requested model is unavailable","duration":2.4721250000000055,"failureMessages":[],"meta":{},"tags":[]},{"ancestorTitles":["LogModelCell"],"fullName":"LogModelCell renders plain billed model text when requested and target models match","status":"passed","title":"renders plain billed model text when requested and target models match","duration":1.6928749999999582,"failureMessages":[],"meta":{},"tags":[]}],"startTime":1787188243194,"endTime":1787188243219.6929,"status":"passed","message":"","name":"/Users/runner/work/one-api/one-api/web/modern/src/pages/logs/components/__tests__/LogModelCell.test.tsx"}]}