{"numTotalTestSuites":152,"numPassedTestSuites":150,"numFailedTestSuites":2,"numPendingTestSuites":0,"numTotalTests":351,"numPassedTests":349,"numFailedTests":1,"numPendingTests":1,"numTodoTests":0,"snapshot":{"added":0,"failure":false,"filesAdded":0,"filesRemoved":0,"filesRemovedList":[],"filesUnmatched":0,"filesUpdated":0,"matched":0,"total":0,"unchecked":0,"uncheckedKeysByFile":[],"unmatched":0,"updated":0,"didUpdate":false},"startTime":1787188518949,"success":false,"testResults":[{"assertionResults":[{"ancestorTitles":["fetchAllPaginatedResults"],"fullName":"fetchAllPaginatedResults aggregates every page until the reported total is reached","status":"passed","title":"aggregates every page until the reported total is reached","duration":2.3644580000000133,"failureMessages":[],"meta":{},"tags":[]},{"ancestorTitles":["fetchAllPaginatedResults"],"fullName":"fetchAllPaginatedResults surfaces backend export failures","status":"passed","title":"surfaces backend export failures","duration":0.8646249999999327,"failureMessages":[],"meta":{},"tags":[]},{"ancestorTitles":["fetchAllPaginatedResults"],"fullName":"fetchAllPaginatedResults fetches remaining pages in bounded parallel batches after the first page","status":"passed","title":"fetches remaining pages in bounded parallel batches after the first page","duration":55.229999999999905,"failureMessages":[],"meta":{},"tags":[]},{"ancestorTitles":["fetchAllPaginatedResults"],"fullName":"fetchAllPaginatedResults quotes CSV fields so modal metadata and trace payloads remain intact","status":"passed","title":"quotes CSV fields so modal metadata and trace payloads remain intact","duration":0.5015000000000782,"failureMessages":[],"meta":{},"tags":[]},{"ancestorTitles":["mapWithConcurrency"],"fullName":"mapWithConcurrency preserves input order while limiting active tasks","status":"passed","title":"preserves input order while limiting active tasks","duration":0.4874999999999545,"failureMessages":[],"meta":{},"tags":[]}],"startTime":1787188536548,"endTime":1787188536608.4875,"status":"passed","message":"","name":"/Users/runner/work/one-api/one-api/web/modern/src/lib/export.test.ts"},{"assertionResults":[{"ancestorTitles":["HomePage"],"fullName":"HomePage renders iframe when content is a URL","status":"passed","title":"renders iframe when content is a URL","duration":32.113207999999986,"failureMessages":[],"meta":{},"tags":[]},{"ancestorTitles":["HomePage"],"fullName":"HomePage renders HTML content when provided","status":"passed","title":"renders HTML content when provided","duration":35.87525000000005,"failureMessages":[],"meta":{},"tags":[]},{"ancestorTitles":["HomePage"],"fullName":"HomePage shows minimal empty state when no content configured","status":"passed","title":"shows minimal empty state when no content configured","duration":3.9700410000000375,"failureMessages":[],"meta":{},"tags":[]}],"startTime":1787188550130,"endTime":1787188550201.97,"status":"passed","message":"","name":"/Users/runner/work/one-api/one-api/web/modern/src/pages/HomePage.test.tsx"},{"assertionResults":[{"ancestorTitles":["Responsive Components"],"fullName":"Responsive Components should render ResponsiveContainer without crashing","status":"passed","title":"should render ResponsiveContainer without crashing","duration":19.369458000000122,"failureMessages":[],"meta":{},"tags":[]},{"ancestorTitles":["Responsive Components"],"fullName":"Responsive Components should render ResponsivePageContainer without crashing","status":"passed","title":"should render ResponsivePageContainer without crashing","duration":5.28708400000005,"failureMessages":[],"meta":{},"tags":[]},{"ancestorTitles":["Responsive Components"],"fullName":"Responsive Components should render AdaptiveGrid without crashing","status":"passed","title":"should render AdaptiveGrid without crashing","duration":2.3763750000000528,"failureMessages":[],"meta":{},"tags":[]},{"ancestorTitles":["Responsive Components"],"fullName":"Responsive Components should render MobileDrawer without crashing","status":"passed","title":"should render MobileDrawer without crashing","duration":2.348333000000139,"failureMessages":[],"meta":{},"tags":[]},{"ancestorTitles":["Responsive Components"],"fullName":"Responsive Components should render ResponsiveForm without crashing","status":"passed","title":"should render ResponsiveForm without crashing","duration":2.272958000000017,"failureMessages":[],"meta":{},"tags":[]},{"ancestorTitles":["Responsive Hooks"],"fullName":"Responsive Hooks should provide responsive state","status":"passed","title":"should provide responsive state","duration":0.28212500000017826,"failureMessages":[],"meta":{},"tags":[]},{"ancestorTitles":["Enhanced Data Table"],"fullName":"Enhanced Data Table should handle responsive props","status":"passed","title":"should handle responsive props","duration":126.54054199999996,"failureMessages":[],"meta":{},"tags":[]},{"ancestorTitles":["Enhanced Data Table"],"fullName":"Enhanced Data Table should hide floating row actions while hovering interactive row controls","status":"passed","title":"should hide floating row actions while hovering interactive row controls","duration":72.00849999999991,"failureMessages":[],"meta":{},"tags":[]}],"startTime":1787188534216,"endTime":1787188534447.0085,"status":"passed","message":"","name":"/Users/runner/work/one-api/one-api/web/modern/src/test/responsive-components.test.tsx"},{"assertionResults":[{"ancestorTitles":["LogDetailsModal"],"fullName":"LogDetailsModal renders a detailed view that mirrors the logs table fields","status":"passed","title":"renders a detailed view that mirrors the logs table fields","duration":136.49570799999992,"failureMessages":[],"meta":{},"tags":[]},{"ancestorTitles":["LogDetailsModal"],"fullName":"LogDetailsModal fetches and renders tracing information when a trace ID is present","status":"passed","title":"fetches and renders tracing information when a trace ID is present","duration":64.30466700000011,"failureMessages":[],"meta":{},"tags":[]},{"ancestorTitles":["LogDetailsModal"],"fullName":"LogDetailsModal fetches trace data for MANAGE logs when trace_id is present (regression: not CONSUME-gated)","status":"passed","title":"fetches trace data for MANAGE logs when trace_id is present (regression: not CONSUME-gated)","duration":30.599040999999943,"failureMessages":[],"meta":{},"tags":[]},{"ancestorTitles":["LogDetailsModal"],"fullName":"LogDetailsModal fetches trace data for SYSTEM logs when trace_id is present (regression: not CONSUME-gated)","status":"passed","title":"fetches trace data for SYSTEM logs when trace_id is present (regression: not CONSUME-gated)","duration":33.580458000000135,"failureMessages":[],"meta":{},"tags":[]},{"ancestorTitles":["LogDetailsModal"],"fullName":"LogDetailsModal fetches trace data for TEST logs when trace_id is present (regression: not CONSUME-gated)","status":"passed","title":"fetches trace data for TEST logs when trace_id is present (regression: not CONSUME-gated)","duration":31.545749999999998,"failureMessages":[],"meta":{},"tags":[]},{"ancestorTitles":["LogDetailsModal"],"fullName":"LogDetailsModal fetches trace data for TOPUP logs when trace_id is present (regression: not CONSUME-gated)","status":"passed","title":"fetches trace data for TOPUP logs when trace_id is present (regression: not CONSUME-gated)","duration":29.86583399999995,"failureMessages":[],"meta":{},"tags":[]},{"ancestorTitles":["LogDetailsModal"],"fullName":"LogDetailsModal does not fetch trace data when trace_id is empty regardless of log type","status":"passed","title":"does not fetch trace data when trace_id is empty regardless of log type","duration":10.757042000000183,"failureMessages":[],"meta":{},"tags":[]}],"startTime":1787188524169,"endTime":1787188524506.757,"status":"passed","message":"","name":"/Users/runner/work/one-api/one-api/web/modern/src/components/__tests__/LogDetailsModal.test.tsx"},{"assertionResults":[{"ancestorTitles":["Header logout UX"],"fullName":"Header logout UX hides the logout action by default","status":"passed","title":"hides the logout action by default","duration":124.91979100000003,"failureMessages":[],"meta":{},"tags":[]},{"ancestorTitles":["Header logout UX"],"fullName":"Header logout UX confirms logout through the desktop hamburger menu","status":"passed","title":"confirms logout through the desktop hamburger menu","duration":196.98516600000016,"failureMessages":[],"meta":{},"tags":[]},{"ancestorTitles":["Header logout UX"],"fullName":"Header logout UX offers logout inside the mobile navigation drawer","status":"passed","title":"offers logout inside the mobile navigation drawer","duration":109.17954099999997,"failureMessages":[],"meta":{},"tags":[]},{"ancestorTitles":["Header anonymous mobile layout"],"fullName":"Header anonymous mobile layout hides inline Register/Login on mobile so the header fits 320px viewports","status":"passed","title":"hides inline Register/Login on mobile so the header fits 320px viewports","duration":11.437250000000176,"failureMessages":[],"meta":{},"tags":[]},{"ancestorTitles":["Header anonymous mobile layout"],"fullName":"Header anonymous mobile layout exposes Register/Login inside the mobile navigation drawer","status":"passed","title":"exposes Register/Login inside the mobile navigation drawer","duration":40.559999999999945,"failureMessages":[],"meta":{},"tags":[]}],"startTime":1787188531772,"endTime":1787188532255.56,"status":"passed","message":"","name":"/Users/runner/work/one-api/one-api/web/modern/src/components/layout/Header.test.tsx"},{"assertionResults":[{"ancestorTitles":["FormField"],"fullName":"FormField provides the current value to controlled inputs","status":"passed","title":"provides the current value to controlled inputs","duration":29.542666999999938,"failureMessages":[],"meta":{},"tags":[]},{"ancestorTitles":["FormField"],"fullName":"FormField updates the field value when the user types","status":"passed","title":"updates the field value when the user types","duration":174.35254199999997,"failureMessages":[],"meta":{},"tags":[]}],"startTime":1787188556744,"endTime":1787188556948.3525,"status":"passed","message":"","name":"/Users/runner/work/one-api/one-api/web/modern/src/components/ui/form.test.tsx"},{"assertionResults":[{"ancestorTitles":["useEventLog"],"fullName":"useEventLog starts with empty events and expandedEvents","status":"passed","title":"starts with empty events and expandedEvents","duration":10.380167000000029,"failureMessages":[],"meta":{},"tags":[]},{"ancestorTitles":["useEventLog"],"fullName":"useEventLog appends an event with generated id and timestamp","status":"passed","title":"appends an event with generated id and timestamp","duration":2.7057499999999663,"failureMessages":[],"meta":{},"tags":[]},{"ancestorTitles":["useEventLog"],"fullName":"useEventLog generates unique ids for repeated addEvent calls","status":"passed","title":"generates unique ids for repeated addEvent calls","duration":2.0273329999999987,"failureMessages":[],"meta":{},"tags":[]},{"ancestorTitles":["useEventLog"],"fullName":"useEventLog keeps addEvent reference stable across rerenders","status":"passed","title":"keeps addEvent reference stable across rerenders","duration":1.4635419999999613,"failureMessages":[],"meta":{},"tags":[]},{"ancestorTitles":["useEventLog"],"fullName":"useEventLog toggleExpand adds an id then removes it on second call","status":"passed","title":"toggleExpand adds an id then removes it on second call","duration":1.525541999999973,"failureMessages":[],"meta":{},"tags":[]},{"ancestorTitles":["useEventLog"],"fullName":"useEventLog toggleExpand tracks each id independently","status":"passed","title":"toggleExpand tracks each id independently","duration":0.8972499999999854,"failureMessages":[],"meta":{},"tags":[]},{"ancestorTitles":["useEventLog"],"fullName":"useEventLog clearEvents resets events and expandedEvents","status":"passed","title":"clearEvents resets events and expandedEvents","duration":0.8236250000001064,"failureMessages":[],"meta":{},"tags":[]},{"ancestorTitles":["useEventLog"],"fullName":"useEventLog preserves order and retains all events across multiple addEvent calls","status":"passed","title":"preserves order and retains all events across multiple addEvent calls","duration":0.9620409999999993,"failureMessages":[],"meta":{},"tags":[]}],"startTime":1787188535881,"endTime":1787188535901.9622,"status":"passed","message":"","name":"/Users/runner/work/one-api/one-api/web/modern/src/hooks/__tests__/useEventLog.test.ts"},{"assertionResults":[{"ancestorTitles":["useNotice"],"fullName":"useNotice returns notice content when server data differs from stored seen value","status":"passed","title":"returns notice content when server data differs from stored seen value","duration":66.72862499999997,"failureMessages":[],"meta":{},"tags":[]},{"ancestorTitles":["useNotice"],"fullName":"useNotice persists dismissed content and clears state on dismiss","status":"passed","title":"persists dismissed content and clears state on dismiss","duration":58.425666999999976,"failureMessages":[],"meta":{},"tags":[]},{"ancestorTitles":["useNotice"],"fullName":"useNotice returns null when notice content matches previously dismissed value","status":"passed","title":"returns null when notice content matches previously dismissed value","duration":4.616666000000009,"failureMessages":[],"meta":{},"tags":[]},{"ancestorTitles":["useNotice"],"fullName":"useNotice returns null when notice content is empty","status":"passed","title":"returns null when notice content is empty","duration":3.0330000000000155,"failureMessages":[],"meta":{},"tags":[]},{"ancestorTitles":["useNotice"],"fullName":"useNotice returns null when api responds with success: false","status":"passed","title":"returns null when api responds with success: false","duration":3.7678339999999935,"failureMessages":[],"meta":{},"tags":[]}],"startTime":1787188546085,"endTime":1787188546221.7678,"status":"passed","message":"","name":"/Users/runner/work/one-api/one-api/web/modern/src/hooks/__tests__/useNotice.test.ts"},{"assertionResults":[{"ancestorTitles":["usePersistentState"],"fullName":"usePersistentState should return default value when no stored value exists","status":"passed","title":"should return default value when no stored value exists","duration":14.878749999999968,"failureMessages":[],"meta":{},"tags":[]},{"ancestorTitles":["usePersistentState"],"fullName":"usePersistentState should return stored value when it exists","status":"passed","title":"should return stored value when it exists","duration":1.8573750000000473,"failureMessages":[],"meta":{},"tags":[]},{"ancestorTitles":["usePersistentState"],"fullName":"usePersistentState should persist value to localStorage when updated","status":"passed","title":"should persist value to localStorage when updated","duration":3.661083000000076,"failureMessages":[],"meta":{},"tags":[]},{"ancestorTitles":["usePersistentState"],"fullName":"usePersistentState should handle updater function","status":"passed","title":"should handle updater function","duration":4.178540999999996,"failureMessages":[],"meta":{},"tags":[]},{"ancestorTitles":["usePersistentState"],"fullName":"usePersistentState should handle numeric values","status":"passed","title":"should handle numeric values","duration":4.335291999999981,"failureMessages":[],"meta":{},"tags":[]},{"ancestorTitles":["usePersistentState"],"fullName":"usePersistentState should handle invalid JSON gracefully","status":"passed","title":"should handle invalid JSON gracefully","duration":1.863958000000025,"failureMessages":[],"meta":{},"tags":[]},{"ancestorTitles":["usePageSize"],"fullName":"usePageSize should return default page size when no stored value exists","status":"passed","title":"should return default page size when no stored value exists","duration":2.521041999999966,"failureMessages":[],"meta":{},"tags":[]},{"ancestorTitles":["usePageSize"],"fullName":"usePageSize should return custom default page size","status":"passed","title":"should return custom default page size","duration":1.12074999999993,"failureMessages":[],"meta":{},"tags":[]},{"ancestorTitles":["usePageSize"],"fullName":"usePageSize should persist page size to localStorage","status":"passed","title":"should persist page size to localStorage","duration":1.9361670000000686,"failureMessages":[],"meta":{},"tags":[]},{"ancestorTitles":["usePageSize"],"fullName":"usePageSize should snap to nearest valid size if invalid size is provided","status":"passed","title":"should snap to nearest valid size if invalid size is provided","duration":0.860416999999984,"failureMessages":[],"meta":{},"tags":[]},{"ancestorTitles":["usePageSize"],"fullName":"usePageSize should handle exact valid sizes","status":"passed","title":"should handle exact valid sizes","duration":0.7052909999999883,"failureMessages":[],"meta":{},"tags":[]},{"ancestorTitles":["usePageSize"],"fullName":"usePageSize should clamp values within bounds","status":"passed","title":"should clamp values within bounds","duration":1.088416000000052,"failureMessages":[],"meta":{},"tags":[]},{"ancestorTitles":["getStoredPageSize"],"fullName":"getStoredPageSize should return default value when no stored value exists","status":"passed","title":"should return default value when no stored value exists","duration":0.171291999999994,"failureMessages":[],"meta":{},"tags":[]},{"ancestorTitles":["getStoredPageSize"],"fullName":"getStoredPageSize should return stored value when it exists","status":"passed","title":"should return stored value when it exists","duration":0.07600000000002183,"failureMessages":[],"meta":{},"tags":[]},{"ancestorTitles":["getStoredPageSize"],"fullName":"getStoredPageSize should return default for invalid JSON","status":"passed","title":"should return default for invalid JSON","duration":0.15074999999990268,"failureMessages":[],"meta":{},"tags":[]},{"ancestorTitles":["getStoredPageSize"],"fullName":"getStoredPageSize should return default for non-positive values","status":"passed","title":"should return default for non-positive values","duration":0.1762499999999818,"failureMessages":[],"meta":{},"tags":[]},{"ancestorTitles":["STORAGE_KEYS"],"fullName":"STORAGE_KEYS should have unique values for all keys","status":"passed","title":"should have unique values for all keys","duration":0.07620800000006511,"failureMessages":[],"meta":{},"tags":[]},{"ancestorTitles":["STORAGE_KEYS"],"fullName":"STORAGE_KEYS should have correct prefix for all keys","status":"passed","title":"should have correct prefix for all keys","duration":0.10758299999997689,"failureMessages":[],"meta":{},"tags":[]}],"startTime":1787188533030,"endTime":1787188533070.1763,"status":"passed","message":"","name":"/Users/runner/work/one-api/one-api/web/modern/src/hooks/__tests__/usePersistentState.test.ts"},{"assertionResults":[{"ancestorTitles":["usePlaygroundChat addEvent emissions"],"fullName":"usePlaygroundChat addEvent emissions emits a cancel event via addEvent when stopGeneration is called after a request","status":"passed","title":"emits a cancel event via addEvent when stopGeneration is called after a request","duration":13.949207999999999,"failureMessages":[],"meta":{},"tags":[]},{"ancestorTitles":["usePlaygroundChat addEvent emissions"],"fullName":"usePlaygroundChat addEvent emissions emits request and done events around a successful sendMessage","status":"passed","title":"emits request and done events around a successful sendMessage","duration":3.076041000000032,"failureMessages":[],"meta":{},"tags":[]},{"ancestorTitles":["usePlaygroundChat addEvent emissions"],"fullName":"usePlaygroundChat addEvent emissions emits an error event when streamChatCompletion rejects in sendMessage","status":"passed","title":"emits an error event when streamChatCompletion rejects in sendMessage","duration":3.018957999999998,"failureMessages":[],"meta":{},"tags":[]},{"ancestorTitles":["usePlaygroundChat addEvent emissions"],"fullName":"usePlaygroundChat addEvent emissions emits request and done events for a successful regenerateMessage","status":"passed","title":"emits request and done events for a successful regenerateMessage","duration":1.5631250000000136,"failureMessages":[],"meta":{},"tags":[]}],"startTime":1787188537319,"endTime":1787188537341.5632,"status":"passed","message":"","name":"/Users/runner/work/one-api/one-api/web/modern/src/hooks/__tests__/usePlaygroundChat.events.test.ts"},{"assertionResults":[{"ancestorTitles":["useRealtimeChat"],"fullName":"useRealtimeChat does not connect when token is empty","status":"passed","title":"does not connect when token is empty","duration":10.927832999999964,"failureMessages":[],"meta":{},"tags":[]},{"ancestorTitles":["useRealtimeChat"],"fullName":"useRealtimeChat does not connect when model is non-realtime","status":"passed","title":"does not connect when model is non-realtime","duration":2.0789169999998194,"failureMessages":[],"meta":{},"tags":[]},{"ancestorTitles":["useRealtimeChat"],"fullName":"useRealtimeChat auto-connects on mount when realtime model and token are set","status":"passed","title":"auto-connects on mount when realtime model and token are set","duration":3.8967089999998734,"failureMessages":[],"meta":{},"tags":[]},{"ancestorTitles":["useRealtimeChat"],"fullName":"useRealtimeChat uses correct subprotocols without openai-beta.realtime-v1","status":"passed","title":"uses correct subprotocols without openai-beta.realtime-v1","duration":2.7522500000000036,"failureMessages":[],"meta":{},"tags":[]},{"ancestorTitles":["useRealtimeChat"],"fullName":"useRealtimeChat builds the WS URL with current host and encoded model","status":"passed","title":"builds the WS URL with current host and encoded model","duration":1.885582999999997,"failureMessages":[],"meta":{},"tags":[]},{"ancestorTitles":["useRealtimeChat"],"fullName":"useRealtimeChat logs connection.open and does not send session.update without optional fields on open","status":"passed","title":"logs connection.open and does not send session.update without optional fields on open","duration":1.9616249999999127,"failureMessages":[],"meta":{},"tags":[]},{"ancestorTitles":["useRealtimeChat"],"fullName":"useRealtimeChat sends session.update with instructions when systemMessage is set","status":"passed","title":"sends session.update with instructions when systemMessage is set","duration":1.504415999999992,"failureMessages":[],"meta":{},"tags":[]},{"ancestorTitles":["useRealtimeChat"],"fullName":"useRealtimeChat sends session.update with temperature and max_response_output_tokens","status":"passed","title":"sends session.update with temperature and max_response_output_tokens","duration":1.291374999999789,"failureMessages":[],"meta":{},"tags":[]},{"ancestorTitles":["useRealtimeChat"],"fullName":"useRealtimeChat handles GA response.output_text.delta events and accumulates assistant content","status":"passed","title":"handles GA response.output_text.delta events and accumulates assistant content","duration":2.8057920000001104,"failureMessages":[],"meta":{},"tags":[]},{"ancestorTitles":["useRealtimeChat"],"fullName":"useRealtimeChat handles legacy response.text.delta events","status":"passed","title":"handles legacy response.text.delta events","duration":1.1849589999999353,"failureMessages":[],"meta":{},"tags":[]},{"ancestorTitles":["useRealtimeChat"],"fullName":"useRealtimeChat flips isStreaming on response.created and back on response.done","status":"passed","title":"flips isStreaming on response.created and back on response.done","duration":1.28125,"failureMessages":[],"meta":{},"tags":[]},{"ancestorTitles":["useRealtimeChat"],"fullName":"useRealtimeChat logs error on sendMessage when not connected and does not append user message","status":"passed","title":"logs error on sendMessage when not connected and does not append user message","duration":1.2950000000000728,"failureMessages":[],"meta":{},"tags":[]},{"ancestorTitles":["useRealtimeChat"],"fullName":"useRealtimeChat sends conversation.item.create then response.create on sendMessage when connected","status":"passed","title":"sends conversation.item.create then response.create on sendMessage when connected","duration":3.314250000000129,"failureMessages":[],"meta":{},"tags":[]},{"ancestorTitles":["useRealtimeChat"],"fullName":"useRealtimeChat logs warning when sendMessage receives attached images but still sends text","status":"passed","title":"logs warning when sendMessage receives attached images but still sends text","duration":1.071416999999883,"failureMessages":[],"meta":{},"tags":[]},{"ancestorTitles":["useRealtimeChat"],"fullName":"useRealtimeChat sends response.cancel on stopGeneration while streaming","status":"passed","title":"sends response.cancel on stopGeneration while streaming","duration":0.8982920000000831,"failureMessages":[],"meta":{},"tags":[]},{"ancestorTitles":["useRealtimeChat"],"fullName":"useRealtimeChat does not send response.cancel on stopGeneration while idle","status":"passed","title":"does not send response.cancel on stopGeneration while idle","duration":0.7553330000000642,"failureMessages":[],"meta":{},"tags":[]},{"ancestorTitles":["useRealtimeChat"],"fullName":"useRealtimeChat disconnect closes the socket, sets status disconnected, and logs connection.close","status":"passed","title":"disconnect closes the socket, sets status disconnected, and logs connection.close","duration":0.6941249999999854,"failureMessages":[],"meta":{},"tags":[]},{"ancestorTitles":["useRealtimeChat"],"fullName":"useRealtimeChat fires connection.timeout after 8s if socket has not opened","status":"passed","title":"fires connection.timeout after 8s if socket has not opened","duration":2.0895419999999376,"failureMessages":[],"meta":{},"tags":[]},{"ancestorTitles":["useRealtimeChat"],"fullName":"useRealtimeChat does not fire connection.timeout when socket opens before 8s","status":"passed","title":"does not fire connection.timeout when socket opens before 8s","duration":1.0847080000000915,"failureMessages":[],"meta":{},"tags":[]},{"ancestorTitles":["useRealtimeChat"],"fullName":"useRealtimeChat reconnects on token change with new subprotocols","status":"passed","title":"reconnects on token change with new subprotocols","duration":0.853249999999889,"failureMessages":[],"meta":{},"tags":[]},{"ancestorTitles":["useRealtimeChat"],"fullName":"useRealtimeChat disconnect emits exactly one connection.close event (no double-emit on onclose)","status":"passed","title":"disconnect emits exactly one connection.close event (no double-emit on onclose)","duration":0.6993750000001455,"failureMessages":[],"meta":{},"tags":[]},{"ancestorTitles":["useRealtimeChat"],"fullName":"useRealtimeChat changing temperature mid-session does not reconnect; sends session.update on existing socket","status":"passed","title":"changing temperature mid-session does not reconnect; sends session.update on existing socket","duration":5.829666000000088,"failureMessages":[],"meta":{},"tags":[]}],"startTime":1787188520432,"endTime":1787188520481.8296,"status":"passed","message":"","name":"/Users/runner/work/one-api/one-api/web/modern/src/hooks/__tests__/useRealtimeChat.test.ts"},{"assertionResults":[{"ancestorTitles":["isSafeInternalPath"],"fullName":"isSafeInternalPath isSafeInternalPath(%p) === %p","status":"passed","title":"isSafeInternalPath(%p) === %p","duration":1.9492500000000064,"failureMessages":[],"meta":{},"tags":[]},{"ancestorTitles":["isSafeInternalPath"],"fullName":"isSafeInternalPath isSafeInternalPath(%p) === %p","status":"passed","title":"isSafeInternalPath(%p) === %p","duration":0.3290000000000646,"failureMessages":[],"meta":{},"tags":[]},{"ancestorTitles":["isSafeInternalPath"],"fullName":"isSafeInternalPath isSafeInternalPath(%p) === %p","status":"passed","title":"isSafeInternalPath(%p) === %p","duration":0.1658750000000282,"failureMessages":[],"meta":{},"tags":[]},{"ancestorTitles":["isSafeInternalPath"],"fullName":"isSafeInternalPath isSafeInternalPath(%p) === %p","status":"passed","title":"isSafeInternalPath(%p) === %p","duration":0.22341599999992923,"failureMessages":[],"meta":{},"tags":[]},{"ancestorTitles":["isSafeInternalPath"],"fullName":"isSafeInternalPath isSafeInternalPath(%p) === %p","status":"passed","title":"isSafeInternalPath(%p) === %p","duration":0.2121670000000222,"failureMessages":[],"meta":{},"tags":[]},{"ancestorTitles":["isSafeInternalPath"],"fullName":"isSafeInternalPath isSafeInternalPath(%p) === %p","status":"passed","title":"isSafeInternalPath(%p) === %p","duration":0.06645900000000893,"failureMessages":[],"meta":{},"tags":[]},{"ancestorTitles":["isSafeInternalPath"],"fullName":"isSafeInternalPath isSafeInternalPath(%p) === %p","status":"passed","title":"isSafeInternalPath(%p) === %p","duration":0.13087499999994634,"failureMessages":[],"meta":{},"tags":[]},{"ancestorTitles":["isSafeInternalPath"],"fullName":"isSafeInternalPath isSafeInternalPath(%p) === %p","status":"passed","title":"isSafeInternalPath(%p) === %p","duration":0.21875,"failureMessages":[],"meta":{},"tags":[]},{"ancestorTitles":["isSafeInternalPath"],"fullName":"isSafeInternalPath isSafeInternalPath(%p) === %p","status":"passed","title":"isSafeInternalPath(%p) === %p","duration":0.4258750000000191,"failureMessages":[],"meta":{},"tags":[]},{"ancestorTitles":["isSafeInternalPath"],"fullName":"isSafeInternalPath isSafeInternalPath(%p) === %p","status":"passed","title":"isSafeInternalPath(%p) === %p","duration":0.18441700000005312,"failureMessages":[],"meta":{},"tags":[]},{"ancestorTitles":["isSafeInternalPath"],"fullName":"isSafeInternalPath isSafeInternalPath(%p) === %p","status":"passed","title":"isSafeInternalPath(%p) === %p","duration":0.16600000000005366,"failureMessages":[],"meta":{},"tags":[]},{"ancestorTitles":["axios 401 interceptor (handleAuthFailure)"],"fullName":"axios 401 interceptor (handleAuthFailure) on /channels 401: clears zustand state AND replaces to /login with encoded redirect_to","status":"passed","title":"on /channels 401: clears zustand state AND replaces to /login with encoded redirect_to","duration":10.712458000000083,"failureMessages":[],"meta":{},"tags":[]},{"ancestorTitles":["axios 401 interceptor (handleAuthFailure)"],"fullName":"axios 401 interceptor (handleAuthFailure) loop guard: when ALREADY on /login, never redirects again (prevents nested redirect_to)","status":"passed","title":"loop guard: when ALREADY on /login, never redirects again (prevents nested redirect_to)","duration":1.4128749999999854,"failureMessages":[],"meta":{},"tags":[]},{"ancestorTitles":["axios 401 interceptor (handleAuthFailure)"],"fullName":"axios 401 interceptor (handleAuthFailure) re-entrancy guard: parallel 401s produce a single replace call","status":"passed","title":"re-entrancy guard: parallel 401s produce a single replace call","duration":1.6572499999999764,"failureMessages":[],"meta":{},"tags":[]},{"ancestorTitles":["axios 401 interceptor (handleAuthFailure)"],"fullName":"axios 401 interceptor (handleAuthFailure) drops unsafe pathname and falls back to bare /login","status":"passed","title":"drops unsafe pathname and falls back to bare /login","duration":0.5487499999999272,"failureMessages":[],"meta":{},"tags":[]},{"ancestorTitles":["axios 401 interceptor (handleAuthFailure)"],"fullName":"axios 401 interceptor (handleAuthFailure) triggers on legacy `success:false` with \"not logged in\" message","status":"passed","title":"triggers on legacy `success:false` with \"not logged in\" message","duration":0.6371669999999767,"failureMessages":[],"meta":{},"tags":[]}],"startTime":1787188530097,"endTime":1787188530116.6372,"status":"passed","message":"","name":"/Users/runner/work/one-api/one-api/web/modern/src/lib/__tests__/api.test.ts"},{"assertionResults":[{"ancestorTitles":["model capabilities reasoning effort"],"fullName":"model capabilities reasoning effort enables reasoning effort for OpenAI O series models","status":"passed","title":"enables reasoning effort for OpenAI O series models","duration":1.0854159999998956,"failureMessages":[],"meta":{},"tags":[]},{"ancestorTitles":["model capabilities reasoning effort"],"fullName":"model capabilities reasoning effort enables reasoning effort for GPT-5.1 chat models","status":"passed","title":"enables reasoning effort for GPT-5.1 chat models","duration":0.19008400000006986,"failureMessages":[],"meta":{},"tags":[]},{"ancestorTitles":["model capabilities reasoning effort"],"fullName":"model capabilities reasoning effort keeps reasoning effort disabled for non-reasoning models","status":"passed","title":"keeps reasoning effort disabled for non-reasoning models","duration":0.08437500000002274,"failureMessages":[],"meta":{},"tags":[]},{"ancestorTitles":["isOpenAIMediumOnlyReasoningModel"],"fullName":"isOpenAIMediumOnlyReasoningModel detects O-series models as medium-only","status":"passed","title":"detects O-series models as medium-only","duration":0.11429199999997763,"failureMessages":[],"meta":{},"tags":[]},{"ancestorTitles":["isOpenAIMediumOnlyReasoningModel"],"fullName":"isOpenAIMediumOnlyReasoningModel detects gpt-5.1 chat variants as medium-only","status":"passed","title":"detects gpt-5.1 chat variants as medium-only","duration":0.06520799999998417,"failureMessages":[],"meta":{},"tags":[]},{"ancestorTitles":["isOpenAIMediumOnlyReasoningModel"],"fullName":"isOpenAIMediumOnlyReasoningModel returns false for models that allow high reasoning effort","status":"passed","title":"returns false for models that allow high reasoning effort","duration":0.054457999999954154,"failureMessages":[],"meta":{},"tags":[]},{"ancestorTitles":["isRealtime detection"],"fullName":"isRealtime detection marks gpt-4o-realtime-preview as realtime","status":"passed","title":"marks gpt-4o-realtime-preview as realtime","duration":0.1014580000000933,"failureMessages":[],"meta":{},"tags":[]},{"ancestorTitles":["isRealtime detection"],"fullName":"isRealtime detection marks gpt-4o-mini-realtime-preview-2024-12-17 as realtime","status":"passed","title":"marks gpt-4o-mini-realtime-preview-2024-12-17 as realtime","duration":0.07079199999998309,"failureMessages":[],"meta":{},"tags":[]},{"ancestorTitles":["isRealtime detection"],"fullName":"isRealtime detection marks dated gpt-4o-realtime-preview-2025-06-03 as realtime","status":"passed","title":"marks dated gpt-4o-realtime-preview-2025-06-03 as realtime","duration":0.42025000000001,"failureMessages":[],"meta":{},"tags":[]},{"ancestorTitles":["isRealtime detection"],"fullName":"isRealtime detection detects realtime case-insensitively","status":"passed","title":"detects realtime case-insensitively","duration":0.09566599999993741,"failureMessages":[],"meta":{},"tags":[]},{"ancestorTitles":["isRealtime detection"],"fullName":"isRealtime detection does not mark gpt-4o-mini as realtime","status":"passed","title":"does not mark gpt-4o-mini as realtime","duration":0.09345800000005511,"failureMessages":[],"meta":{},"tags":[]},{"ancestorTitles":["isRealtime detection"],"fullName":"isRealtime detection does not mark claude-sonnet-4-5 as realtime","status":"passed","title":"does not mark claude-sonnet-4-5 as realtime","duration":0.06212500000003729,"failureMessages":[],"meta":{},"tags":[]},{"ancestorTitles":["isRealtime detection"],"fullName":"isRealtime detection does not mark o3-mini as realtime","status":"passed","title":"does not mark o3-mini as realtime","duration":0.042374999999992724,"failureMessages":[],"meta":{},"tags":[]},{"ancestorTitles":["isRealtime detection"],"fullName":"isRealtime detection returns isRealtime false for empty model name","status":"passed","title":"returns isRealtime false for empty model name","duration":0.09662500000001728,"failureMessages":[],"meta":{},"tags":[]},{"ancestorTitles":["isRealtime detection"],"fullName":"isRealtime detection preserves vision capability for realtime gpt-4o models","status":"passed","title":"preserves vision capability for realtime gpt-4o models","duration":0.04187500000000455,"failureMessages":[],"meta":{},"tags":[]},{"ancestorTitles":["Kimi K3 capabilities"],"fullName":"Kimi K3 capabilities offers reasoning effort and hides the pinned sampling knobs","status":"passed","title":"offers reasoning effort and hides the pinned sampling knobs","duration":0.09512499999993906,"failureMessages":[],"meta":{},"tags":[]},{"ancestorTitles":["Kimi K3 capabilities"],"fullName":"Kimi K3 capabilities applies the same handling to provider-prefixed K3 ids","status":"passed","title":"applies the same handling to provider-prefixed K3 ids","duration":0.11554200000000492,"failureMessages":[],"meta":{},"tags":[]},{"ancestorTitles":["Kimi K3 capabilities"],"fullName":"Kimi K3 capabilities leaves earlier Kimi generations unchanged","status":"passed","title":"leaves earlier Kimi generations unchanged","duration":0.056541000000038366,"failureMessages":[],"meta":{},"tags":[]}],"startTime":1787188538156,"endTime":1787188538160.1155,"status":"passed","message":"","name":"/Users/runner/work/one-api/one-api/web/modern/src/lib/__tests__/model-capabilities.test.ts"},{"assertionResults":[{"ancestorTitles":["buildLarkOAuthUrl"],"fullName":"buildLarkOAuthUrl includes the OAuth state and redirect URI in the authorize URL","status":"passed","title":"includes the OAuth state and redirect URI in the authorize URL","duration":1.6333329999999933,"failureMessages":[],"meta":{},"tags":[]}],"startTime":1787188558694,"endTime":1787188558695.6333,"status":"passed","message":"","name":"/Users/runner/work/one-api/one-api/web/modern/src/lib/__tests__/oauth.test.ts"},{"assertionResults":[{"ancestorTitles":["datetime-local helpers"],"fullName":"datetime-local helpers round-trips epoch seconds via datetime-local","status":"passed","title":"round-trips epoch seconds via datetime-local","duration":5.458499999999958,"failureMessages":[],"meta":{},"tags":[]},{"ancestorTitles":["datetime-local helpers"],"fullName":"datetime-local helpers handles empty input","status":"passed","title":"handles empty input","duration":3.507084000000077,"failureMessages":[],"meta":{},"tags":[]},{"ancestorTitles":["datetime-local helpers"],"fullName":"datetime-local helpers toDateTimeLocal returns local timezone format","status":"passed","title":"toDateTimeLocal returns local timezone format","duration":0.266791000000012,"failureMessages":[],"meta":{},"tags":[]},{"ancestorTitles":["datetime-local helpers"],"fullName":"datetime-local helpers fromDateTimeLocal converts local time to UTC timestamp","status":"passed","title":"fromDateTimeLocal converts local time to UTC timestamp","duration":0.16758299999992232,"failureMessages":[],"meta":{},"tags":[]},{"ancestorTitles":["formatTimestamp"],"fullName":"formatTimestamp formats timestamp in local timezone","status":"passed","title":"formats timestamp in local timezone","duration":0.24391700000001038,"failureMessages":[],"meta":{},"tags":[]},{"ancestorTitles":["formatTimestamp"],"fullName":"formatTimestamp handles invalid timestamps","status":"passed","title":"handles invalid timestamps","duration":0.3721250000000964,"failureMessages":[],"meta":{},"tags":[]},{"ancestorTitles":["timezone specific handling"],"fullName":"timezone specific handling handles Toronto standard time correctly","status":"passed","title":"handles Toronto standard time correctly","duration":1.4650000000000318,"failureMessages":[],"meta":{},"tags":[]},{"ancestorTitles":["timezone specific handling"],"fullName":"timezone specific handling handles Toronto daylight time correctly","status":"passed","title":"handles Toronto daylight time correctly","duration":0.1263339999999289,"failureMessages":[],"meta":{},"tags":[]},{"ancestorTitles":["timezone specific handling"],"fullName":"timezone specific handling round trips across DST boundaries without drift","status":"passed","title":"round trips across DST boundaries without drift","duration":0.5555000000000518,"failureMessages":[],"meta":{},"tags":[]}],"startTime":1787188537525,"endTime":1787188537537.5554,"status":"passed","message":"","name":"/Users/runner/work/one-api/one-api/web/modern/src/lib/__tests__/utils.test.ts"},{"assertionResults":[{"ancestorTitles":["NotFoundPage"],"fullName":"NotFoundPage shows 404 and countdown, then navigates after 5s","status":"passed","title":"shows 404 and countdown, then navigates after 5s","duration":51.81837500000006,"failureMessages":[],"meta":{},"tags":[]}],"startTime":1787188554263,"endTime":1787188554314.8184,"status":"passed","message":"","name":"/Users/runner/work/one-api/one-api/web/modern/src/pages/__tests__/NotFoundPage.test.tsx"},{"assertionResults":[{"ancestorTitles":["normalizeChannelType"],"fullName":"normalizeChannelType returns numbers as-is when finite","status":"passed","title":"returns numbers as-is when finite","duration":1.004083000000037,"failureMessages":[],"meta":{},"tags":[]},{"ancestorTitles":["normalizeChannelType"],"fullName":"normalizeChannelType parses numeric strings","status":"passed","title":"parses numeric strings","duration":0.16020800000001145,"failureMessages":[],"meta":{},"tags":[]},{"ancestorTitles":["normalizeChannelType"],"fullName":"normalizeChannelType treats blank values as null","status":"passed","title":"treats blank values as null","duration":0.12083400000005895,"failureMessages":[],"meta":{},"tags":[]},{"ancestorTitles":["normalizeChannelType"],"fullName":"normalizeChannelType filters out non-finite values","status":"passed","title":"filters out non-finite values","duration":0.13245900000003985,"failureMessages":[],"meta":{},"tags":[]}],"startTime":1787188557929,"endTime":1787188557931.1326,"status":"passed","message":"","name":"/Users/runner/work/one-api/one-api/web/modern/src/pages/channels/EditChannelPage.test.ts"},{"assertionResults":[{"ancestorTitles":["Dashboard helpers"],"fullName":"Dashboard helpers barColor wraps palette","status":"passed","title":"barColor wraps palette","duration":55.180667000000085,"failureMessages":[],"meta":{},"tags":[]}],"startTime":1787188559410,"endTime":1787188559465.1807,"status":"passed","message":"","name":"/Users/runner/work/one-api/one-api/web/modern/src/pages/dashboard/DashboardPage.test.ts"},{"assertionResults":[{"ancestorTitles":["formatTierThreshold"],"fullName":"formatTierThreshold formats input-only thresholds","status":"passed","title":"formats input-only thresholds","duration":0.9468749999999773,"failureMessages":[],"meta":{},"tags":[]},{"ancestorTitles":["formatTierThreshold"],"fullName":"formatTierThreshold formats output-only thresholds","status":"passed","title":"formats output-only thresholds","duration":0.18679100000008475,"failureMessages":[],"meta":{},"tags":[]},{"ancestorTitles":["formatTierThreshold"],"fullName":"formatTierThreshold formats combined thresholds","status":"passed","title":"formats combined thresholds","duration":0.07712500000002365,"failureMessages":[],"meta":{},"tags":[]}],"startTime":1787188558649,"endTime":1787188558650.1868,"status":"passed","message":"","name":"/Users/runner/work/one-api/one-api/web/modern/src/pages/models/tier-threshold.test.ts"},{"assertionResults":[{"ancestorTitles":["PersonalSettings"],"fullName":"PersonalSettings hydrates the email from self and shows success after profile update","status":"passed","title":"hydrates the email from self and shows success after profile update","duration":159.17704200000003,"failureMessages":[],"meta":{},"tags":[]},{"ancestorTitles":["PersonalSettings"],"fullName":"PersonalSettings sends a verification code and binds the new email address","status":"passed","title":"sends a verification code and binds the new email address","duration":90.59241699999995,"failureMessages":[],"meta":{},"tags":[]},{"ancestorTitles":["PersonalSettings"],"fullName":"PersonalSettings shows an error notification when generate access token returns success false","status":"passed","title":"shows an error notification when generate access token returns success false","duration":81.7716660000001,"failureMessages":[],"meta":{},"tags":[]},{"ancestorTitles":["PersonalSettings"],"fullName":"PersonalSettings shows an error notification when getting the invite link returns success false","status":"passed","title":"shows an error notification when getting the invite link returns success false","duration":83.02158299999996,"failureMessages":[],"meta":{},"tags":[]}],"startTime":1787188527607,"endTime":1787188528021.0215,"status":"passed","message":"","name":"/Users/runner/work/one-api/one-api/web/modern/src/pages/settings/PersonalSettings.test.tsx"},{"assertionResults":[{"ancestorTitles":["SystemSettings"],"fullName":"SystemSettings renders sensitive options and allows updating secret values","status":"passed","title":"renders sensitive options and allows updating secret values","duration":551.100167,"failureMessages":[],"meta":{},"tags":[]}],"startTime":1787188553186,"endTime":1787188553737.1,"status":"passed","message":"","name":"/Users/runner/work/one-api/one-api/web/modern/src/pages/settings/SystemSettings.test.tsx"},{"assertionResults":[{"ancestorTitles":["TopUpPage"],"fullName":"TopUpPage renders and redeems a code","status":"passed","title":"renders and redeems a code","duration":170.34666700000002,"failureMessages":[],"meta":{},"tags":[]},{"ancestorTitles":["TopUpPage"],"fullName":"TopUpPage loads user quota on mount","status":"passed","title":"loads user quota on mount","duration":30.08008300000006,"failureMessages":[],"meta":{},"tags":[]}],"startTime":1787188539992,"endTime":1787188540192.08,"status":"passed","message":"","name":"/Users/runner/work/one-api/one-api/web/modern/src/pages/topup/TopUpPage.test.tsx"},{"assertionResults":[{"ancestorTitles":["ProtectedRoute"],"fullName":"ProtectedRoute shows loading spinner initially","status":"passed","title":"shows loading spinner initially","duration":20.362207999999896,"failureMessages":[],"meta":{},"tags":[]},{"ancestorTitles":["ProtectedRoute"],"fullName":"ProtectedRoute redirects to login with redirect_to parameter when user is not authenticated","status":"passed","title":"redirects to login with redirect_to parameter when user is not authenticated","duration":6.5128330000000005,"failureMessages":[],"meta":{},"tags":[]},{"ancestorTitles":["ProtectedRoute"],"fullName":"ProtectedRoute validates session and renders outlet when user exists","status":"passed","title":"validates session and renders outlet when user exists","duration":8.64529200000004,"failureMessages":[],"meta":{},"tags":[]},{"ancestorTitles":["ProtectedRoute"],"fullName":"ProtectedRoute redirects to login when session validation fails","status":"passed","title":"redirects to login when session validation fails","duration":4.722167000000013,"failureMessages":[],"meta":{},"tags":[]}],"startTime":1787188539012,"endTime":1787188539051.7222,"status":"passed","message":"","name":"/Users/runner/work/one-api/one-api/web/modern/src/components/auth/__tests__/ProtectedRoute.test.tsx"},{"assertionResults":[{"ancestorTitles":["EventLogPanel"],"fullName":"EventLogPanel renders empty state text when no events are present","status":"passed","title":"renders empty state text when no events are present","duration":44.60670900000002,"failureMessages":[],"meta":{},"tags":[]},{"ancestorTitles":["EventLogPanel"],"fullName":"EventLogPanel renders the count badge reflecting events length","status":"passed","title":"renders the count badge reflecting events length","duration":11.935042000000067,"failureMessages":[],"meta":{},"tags":[]},{"ancestorTitles":["EventLogPanel"],"fullName":"EventLogPanel shows direction labels for outgoing and incoming events","status":"passed","title":"shows direction labels for outgoing and incoming events","duration":9.565707999999972,"failureMessages":[],"meta":{},"tags":[]},{"ancestorTitles":["EventLogPanel"],"fullName":"EventLogPanel renders uppercase transport pills for ws and sse","status":"passed","title":"renders uppercase transport pills for ws and sse","duration":7.629625000000033,"failureMessages":[],"meta":{},"tags":[]},{"ancestorTitles":["EventLogPanel"],"fullName":"EventLogPanel renders the event type label as-is","status":"passed","title":"renders the event type label as-is","duration":5.276499999999942,"failureMessages":[],"meta":{},"tags":[]},{"ancestorTitles":["EventLogPanel"],"fullName":"EventLogPanel renders expanded payload JSON when the event id is in expandedEvents","status":"passed","title":"renders expanded payload JSON when the event id is in expandedEvents","duration":8.331291999999962,"failureMessages":[],"meta":{},"tags":[]},{"ancestorTitles":["EventLogPanel"],"fullName":"EventLogPanel calls onToggleExpand with the event id when the row is clicked","status":"passed","title":"calls onToggleExpand with the event id when the row is clicked","duration":6.897917000000007,"failureMessages":[],"meta":{},"tags":[]},{"ancestorTitles":["EventLogPanel"],"fullName":"EventLogPanel calls onClear when the Clear button is clicked","status":"passed","title":"calls onClear when the Clear button is clicked","duration":79.79266700000005,"failureMessages":[],"meta":{},"tags":[]},{"ancestorTitles":["EventLogPanel"],"fullName":"EventLogPanel hides the Clear button when there are no events","status":"passed","title":"hides the Clear button when there are no events","duration":4.220625000000041,"failureMessages":[],"meta":{},"tags":[]}],"startTime":1787188538126,"endTime":1787188538304.2207,"status":"passed","message":"","name":"/Users/runner/work/one-api/one-api/web/modern/src/components/chat/__tests__/EventLogPanel.test.tsx"},{"assertionResults":[{"ancestorTitles":["ParametersPanel realtime gating"],"fullName":"ParametersPanel realtime gating shows the standard parameter set for a non-realtime model","status":"passed","title":"shows the standard parameter set for a non-realtime model","duration":143.76820799999985,"failureMessages":[],"meta":{},"tags":[]},{"ancestorTitles":["ParametersPanel realtime gating"],"fullName":"ParametersPanel realtime gating hides irrelevant parameter fields when in realtime mode","status":"passed","title":"hides irrelevant parameter fields when in realtime mode","duration":31.829375000000027,"failureMessages":[],"meta":{},"tags":[]},{"ancestorTitles":["ParametersPanel realtime gating"],"fullName":"ParametersPanel realtime gating shows the Connect button for realtime models when disconnected","status":"passed","title":"shows the Connect button for realtime models when disconnected","duration":37.49604199999999,"failureMessages":[],"meta":{},"tags":[]},{"ancestorTitles":["ParametersPanel realtime gating"],"fullName":"ParametersPanel realtime gating shows the Disconnect button for realtime models when connected","status":"passed","title":"shows the Disconnect button for realtime models when connected","duration":24.809999999999945,"failureMessages":[],"meta":{},"tags":[]},{"ancestorTitles":["ParametersPanel realtime gating"],"fullName":"ParametersPanel realtime gating shows the connecting state with a disabled button when connecting","status":"passed","title":"shows the connecting state with a disabled button when connecting","duration":23.52512499999989,"failureMessages":[],"meta":{},"tags":[]},{"ancestorTitles":["ParametersPanel realtime gating"],"fullName":"ParametersPanel realtime gating calls onConnect when the Connect button is clicked","status":"passed","title":"calls onConnect when the Connect button is clicked","duration":21.944416000000047,"failureMessages":[],"meta":{},"tags":[]},{"ancestorTitles":["ParametersPanel realtime gating"],"fullName":"ParametersPanel realtime gating calls onDisconnect when the Disconnect button is clicked","status":"passed","title":"calls onDisconnect when the Disconnect button is clicked","duration":24.064499999999953,"failureMessages":[],"meta":{},"tags":[]},{"ancestorTitles":["ParametersPanel realtime gating"],"fullName":"ParametersPanel realtime gating disables token and model selectors when realtime is connected","status":"passed","title":"disables token and model selectors when realtime is connected","duration":19.070416999999907,"failureMessages":[],"meta":{},"tags":[]}],"startTime":1787188530431,"endTime":1787188530758.0703,"status":"passed","message":"","name":"/Users/runner/work/one-api/one-api/web/modern/src/components/chat/__tests__/ParametersPanel.realtime.test.tsx"},{"assertionResults":[{"ancestorTitles":["NameWithId"],"fullName":"NameWithId shows the id when the name is clicked","status":"passed","title":"shows the id when the name is clicked","duration":155.936417,"failureMessages":[],"meta":{},"tags":[]},{"ancestorTitles":["NameWithId"],"fullName":"NameWithId does not bubble name clicks into parent row actions","status":"passed","title":"does not bubble name clicks into parent row actions","duration":30.550624999999968,"failureMessages":[],"meta":{},"tags":[]},{"ancestorTitles":["NameWithId"],"fullName":"NameWithId shows the id when the name receives a touch tap","status":"passed","title":"shows the id when the name receives a touch tap","duration":6.08887500000003,"failureMessages":[],"meta":{},"tags":[]},{"ancestorTitles":["NameWithId"],"fullName":"NameWithId does not bubble touch taps into parent row actions","status":"passed","title":"does not bubble touch taps into parent row actions","duration":5.510499999999979,"failureMessages":[],"meta":{},"tags":[]}],"startTime":1787188552120,"endTime":1787188552318.5105,"status":"passed","message":"","name":"/Users/runner/work/one-api/one-api/web/modern/src/components/shared/__tests__/NameWithId.test.tsx"},{"assertionResults":[{"ancestorTitles":["Header mobile overflow prevention"],"fullName":"Header mobile overflow prevention renders header with no horizontal overflow and truncates brand text","status":"passed","title":"renders header with no horizontal overflow and truncates brand text","duration":132.28820800000005,"failureMessages":[],"meta":{},"tags":[]}],"startTime":1787188557820,"endTime":1787188557952.288,"status":"passed","message":"","name":"/Users/runner/work/one-api/one-api/web/modern/src/components/layout/__tests__/Header.topup.test.tsx"},{"assertionResults":[{"ancestorTitles":["NoticeBanner"],"fullName":"NoticeBanner renders notice banner with markdown content and dismisses on close click","status":"passed","title":"renders notice banner with markdown content and dismisses on close click","duration":59.07829199999992,"failureMessages":[],"meta":{},"tags":[]},{"ancestorTitles":["NoticeBanner"],"fullName":"NoticeBanner does not render banner when notice is empty","status":"passed","title":"does not render banner when notice is empty","duration":4.467832999999928,"failureMessages":[],"meta":{},"tags":[]},{"ancestorTitles":["NoticeBanner"],"fullName":"NoticeBanner does not render banner when current notice was previously dismissed","status":"passed","title":"does not render banner when current notice was previously dismissed","duration":2.84375,"failureMessages":[],"meta":{},"tags":[]}],"startTime":1787188550130,"endTime":1787188550196.8438,"status":"passed","message":"","name":"/Users/runner/work/one-api/one-api/web/modern/src/components/layout/__tests__/NoticeBanner.test.tsx"},{"assertionResults":[{"ancestorTitles":["SearchableDropdown"],"fullName":"SearchableDropdown keeps server-provided results when the parent owns the search","status":"passed","title":"keeps server-provided results when the parent owns the search","duration":404.4702910000001,"failureMessages":[],"meta":{},"tags":[]},{"ancestorTitles":["SearchableDropdown"],"fullName":"SearchableDropdown filters locally when the caller owns the options","status":"passed","title":"filters locally when the caller owns the options","duration":59.468208000000004,"failureMessages":[],"meta":{},"tags":[]},{"ancestorTitles":["SearchableDropdown"],"fullName":"SearchableDropdown matches local options on their extra keywords","status":"passed","title":"matches local options on their extra keywords","duration":191.04504199999997,"failureMessages":[],"meta":{},"tags":[]}],"startTime":1787188551145,"endTime":1787188551800.045,"status":"passed","message":"","name":"/Users/runner/work/one-api/one-api/web/modern/src/components/ui/__tests__/searchable-dropdown.test.tsx"},{"assertionResults":[{"ancestorTitles":["TimestampDisplay"],"fullName":"TimestampDisplay renders the formatted local timestamp","status":"passed","title":"renders the formatted local timestamp","duration":32.301916000000006,"failureMessages":[],"meta":{},"tags":[]},{"ancestorTitles":["TimestampDisplay"],"fullName":"TimestampDisplay shows the UTC timestamp inside the tooltip","status":"passed","title":"shows the UTC timestamp inside the tooltip","duration":248.63408300000003,"failureMessages":[],"meta":{},"tags":[]},{"ancestorTitles":["TimestampDisplay"],"fullName":"TimestampDisplay renders the fallback when timestamp is invalid","status":"passed","title":"renders the fallback when timestamp is invalid","duration":1.6882080000000315,"failureMessages":[],"meta":{},"tags":[]}],"startTime":1787188555873,"endTime":1787188556155.6882,"status":"passed","message":"","name":"/Users/runner/work/one-api/one-api/web/modern/src/components/ui/__tests__/timestamp.test.tsx"},{"assertionResults":[{"ancestorTitles":["LoginPage"],"fullName":"LoginPage renders login form correctly","status":"passed","title":"renders login form correctly","duration":169.37283400000013,"failureMessages":[],"meta":{},"tags":[]},{"ancestorTitles":["LoginPage"],"fullName":"LoginPage handles redirect_to parameter correctly on successful login","status":"skipped","title":"handles redirect_to parameter correctly on successful login","failureMessages":[],"meta":{},"tags":[]},{"ancestorTitles":["LoginPage"],"fullName":"LoginPage shows TOTP input when TOTP is required","status":"passed","title":"shows TOTP input when TOTP is required","duration":41.31687499999998,"failureMessages":[],"meta":{},"tags":[]},{"ancestorTitles":["LoginPage"],"fullName":"LoginPage disables TOTP verify button when code is incomplete","status":"passed","title":"disables TOTP verify button when code is incomplete","duration":41.693459000000075,"failureMessages":[],"meta":{},"tags":[]},{"ancestorTitles":["LoginPage"],"fullName":"LoginPage successfully logs in with valid TOTP code","status":"passed","title":"successfully logs in with valid TOTP code","duration":37.06591700000013,"failureMessages":[],"meta":{},"tags":[]},{"ancestorTitles":["LoginPage"],"fullName":"LoginPage shows the disabled-password notice but keeps the form visible so root can still log in","status":"passed","title":"shows the disabled-password notice but keeps the form visible so root can still log in","duration":15.023834000000079,"failureMessages":[],"meta":{},"tags":[]},{"ancestorTitles":["LoginPage"],"fullName":"LoginPage omits the disabled notice when password_login is enabled","status":"passed","title":"omits the disabled notice when password_login is enabled","duration":8.668916999999965,"failureMessages":[],"meta":{},"tags":[]},{"ancestorTitles":["LoginPage"],"fullName":"LoginPage shows back to login button in TOTP mode","status":"passed","title":"shows back to login button in TOTP mode","duration":33.31600000000003,"failureMessages":[],"meta":{},"tags":[]},{"ancestorTitles":["LoginPage"],"fullName":"LoginPage shows the localized OAuth state error when state acquisition fails without a message","status":"passed","title":"shows the localized OAuth state error when state acquisition fails without a message","duration":25.413708000000042,"failureMessages":[],"meta":{},"tags":[]}],"startTime":1787188521510,"endTime":1787188521882.4138,"status":"passed","message":"","name":"/Users/runner/work/one-api/one-api/web/modern/src/pages/auth/__tests__/LoginPage.test.tsx"},{"assertionResults":[{"ancestorTitles":["LoginPage Turnstile integration"],"fullName":"LoginPage Turnstile integration does NOT render Turnstile widget on initial load even when enabled","status":"passed","title":"does NOT render Turnstile widget on initial load even when enabled","duration":103.13675,"failureMessages":[],"meta":{},"tags":[]},{"ancestorTitles":["LoginPage Turnstile integration"],"fullName":"LoginPage Turnstile integration shows Turnstile widget after a failed login returns turnstile_required","status":"passed","title":"shows Turnstile widget after a failed login returns turnstile_required","duration":154.14970800000015,"failureMessages":[],"meta":{},"tags":[]},{"ancestorTitles":["LoginPage Turnstile integration"],"fullName":"LoginPage Turnstile integration blocks second login submission until Turnstile verification completes","status":"passed","title":"blocks second login submission until Turnstile verification completes","duration":90.878334,"failureMessages":[],"meta":{},"tags":[]},{"ancestorTitles":["LoginPage Turnstile integration"],"fullName":"LoginPage Turnstile integration submits login with Turnstile token after failed attempt and verification","status":"passed","title":"submits login with Turnstile token after failed attempt and verification","duration":94.63908300000003,"failureMessages":[],"meta":{},"tags":[]},{"ancestorTitles":["LoginPage Turnstile integration"],"fullName":"LoginPage Turnstile integration does not show Turnstile when turnstile_check is disabled","status":"passed","title":"does not show Turnstile when turnstile_check is disabled","duration":128.50187499999993,"failureMessages":[],"meta":{},"tags":[]}],"startTime":1787188528777,"endTime":1787188529349.502,"status":"passed","message":"","name":"/Users/runner/work/one-api/one-api/web/modern/src/pages/auth/__tests__/LoginPage.turnstile.test.tsx"},{"assertionResults":[{"ancestorTitles":["OidcOAuthPage"],"fullName":"OidcOAuthPage navigates to / on successful OAuth login","status":"passed","title":"navigates to / on successful OAuth login","duration":39.151792,"failureMessages":[],"meta":{},"tags":[]},{"ancestorTitles":["OidcOAuthPage"],"fullName":"OidcOAuthPage navigates to /settings when message is \"bind\"","status":"passed","title":"navigates to /settings when message is \"bind\"","duration":6.535207999999898,"failureMessages":[],"meta":{},"tags":[]},{"ancestorTitles":["OidcOAuthPage"],"fullName":"OidcOAuthPage surfaces an error state when the OAuth call fails","status":"passed","title":"surfaces an error state when the OAuth call fails","duration":58.48191699999995,"failureMessages":[],"meta":{},"tags":[]}],"startTime":1787188541059,"endTime":1787188541163.482,"status":"passed","message":"","name":"/Users/runner/work/one-api/one-api/web/modern/src/pages/auth/__tests__/OidcOAuthPage.test.tsx"},{"assertionResults":[{"ancestorTitles":["RegisterPage OAuth state handling"],"fullName":"RegisterPage OAuth state handling shows the localized OAuth state error instead of launching GitHub OAuth when state creation fails","status":"passed","title":"shows the localized OAuth state error instead of launching GitHub OAuth when state creation fails","duration":189.20574999999997,"failureMessages":[],"meta":{},"tags":[]}],"startTime":1787188551106,"endTime":1787188551295.2058,"status":"passed","message":"","name":"/Users/runner/work/one-api/one-api/web/modern/src/pages/auth/__tests__/RegisterPage.oauth.test.tsx"},{"assertionResults":[{"ancestorTitles":["RegisterPage (modern)"],"fullName":"RegisterPage (modern) prefills affiliate code (aff) from URL into aff_code field","status":"passed","title":"prefills affiliate code (aff) from URL into aff_code field","duration":53.314250000000015,"failureMessages":[],"meta":{},"tags":[]}],"startTime":1787188554666,"endTime":1787188554719.3142,"status":"passed","message":"","name":"/Users/runner/work/one-api/one-api/web/modern/src/pages/auth/__tests__/RegisterPage.test.tsx"},{"assertionResults":[{"ancestorTitles":["RegisterPage Turnstile integration"],"fullName":"RegisterPage Turnstile integration renders the Turnstile widget above the Create Account button","status":"passed","title":"renders the Turnstile widget above the Create Account button","duration":132.55483400000003,"failureMessages":[],"meta":{},"tags":[]},{"ancestorTitles":["RegisterPage Turnstile integration"],"fullName":"RegisterPage Turnstile integration enables Create Account only with both a valid code and a Turnstile token","status":"passed","title":"enables Create Account only with both a valid code and a Turnstile token","duration":116.7543750000001,"failureMessages":[],"meta":{},"tags":[]},{"ancestorTitles":["RegisterPage Turnstile integration"],"fullName":"RegisterPage Turnstile integration rejects a malformed verification code","status":"passed","title":"rejects a malformed verification code","duration":60.23287500000015,"failureMessages":[],"meta":{},"tags":[]},{"ancestorTitles":["RegisterPage Turnstile integration"],"fullName":"RegisterPage Turnstile integration keeps the token after Send Code so the button is never stranded","status":"passed","title":"keeps the token after Send Code so the button is never stranded","duration":173.9391659999999,"failureMessages":[],"meta":{},"tags":[]},{"ancestorTitles":["RegisterPage Turnstile integration"],"fullName":"RegisterPage Turnstile integration submits registration with the held token once the form is complete","status":"passed","title":"submits registration with the held token once the form is complete","duration":269.862292,"failureMessages":[],"meta":{},"tags":[]}],"startTime":1787188531694,"endTime":1787188532446.8623,"status":"passed","message":"","name":"/Users/runner/work/one-api/one-api/web/modern/src/pages/auth/__tests__/RegisterPage.turnstile.test.tsx"},{"assertionResults":[{"ancestorTitles":["WeChatOAuthPage"],"fullName":"WeChatOAuthPage navigates to / on successful OAuth login","status":"passed","title":"navigates to / on successful OAuth login","duration":40.63995799999998,"failureMessages":[],"meta":{},"tags":[]},{"ancestorTitles":["WeChatOAuthPage"],"fullName":"WeChatOAuthPage navigates to /settings when message is \"bind\"","status":"passed","title":"navigates to /settings when message is \"bind\"","duration":11.220249999999965,"failureMessages":[],"meta":{},"tags":[]},{"ancestorTitles":["WeChatOAuthPage"],"fullName":"WeChatOAuthPage surfaces an error state when the OAuth call fails","status":"passed","title":"surfaces an error state when the OAuth call fails","duration":62.120291000000066,"failureMessages":[],"meta":{},"tags":[]}],"startTime":1787188541969,"endTime":1787188542083.1204,"status":"passed","message":"","name":"/Users/runner/work/one-api/one-api/web/modern/src/pages/auth/__tests__/WeChatOAuthPage.test.tsx"},{"assertionResults":[{"ancestorTitles":["ChannelsPage balance refresh"],"fullName":"ChannelsPage balance refresh refreshes a single row balance via per-row icon","status":"passed","title":"refreshes a single row balance via per-row icon","duration":248.06233299999997,"failureMessages":[],"meta":{},"tags":[]},{"ancestorTitles":["ChannelsPage balance refresh"],"fullName":"ChannelsPage balance refresh refreshes all balances from header bulk action","status":"passed","title":"refreshes all balances from header bulk action","duration":179.44283399999995,"failureMessages":[],"meta":{},"tags":[]}],"startTime":1787188544420,"endTime":1787188544847.4429,"status":"passed","message":"","name":"/Users/runner/work/one-api/one-api/web/modern/src/pages/channels/__tests__/ChannelsPage.balance.test.tsx"},{"assertionResults":[{"ancestorTitles":["ChannelsPage bulk enable/disable"],"fullName":"ChannelsPage bulk enable/disable disables all visible channels via bulk action","status":"passed","title":"disables all visible channels via bulk action","duration":478.2002500000001,"failureMessages":[],"meta":{},"tags":[]}],"startTime":1787188548574,"endTime":1787188549052.2002,"status":"passed","message":"","name":"/Users/runner/work/one-api/one-api/web/modern/src/pages/channels/__tests__/ChannelsPage.bulk-status.test.tsx"},{"assertionResults":[{"ancestorTitles":["ChannelsPage priority editor"],"fullName":"ChannelsPage priority editor saves a changed priority on blur","status":"passed","title":"saves a changed priority on blur","duration":315.753416,"failureMessages":[],"meta":{},"tags":[]},{"ancestorTitles":["ChannelsPage priority editor"],"fullName":"ChannelsPage priority editor does not call api.put when value is unchanged","status":"passed","title":"does not call api.put when value is unchanged","duration":126.16300000000001,"failureMessages":[],"meta":{},"tags":[]}],"startTime":1787188547134,"endTime":1787188547576.163,"status":"passed","message":"","name":"/Users/runner/work/one-api/one-api/web/modern/src/pages/channels/__tests__/ChannelsPage.priority.test.tsx"},{"assertionResults":[{"ancestorTitles":["ChannelsPage Pagination"],"fullName":"ChannelsPage Pagination should load initial data with default page size","status":"passed","title":"should load initial data with default page size","duration":363.232708,"failureMessages":[],"meta":{},"tags":[]},{"ancestorTitles":["ChannelsPage Pagination"],"fullName":"ChannelsPage Pagination should not make duplicate API calls when changing page size","status":"passed","title":"should not make duplicate API calls when changing page size","duration":1023.3286250000001,"failureMessages":[],"meta":{},"tags":[]},{"ancestorTitles":["ChannelsPage Pagination"],"fullName":"ChannelsPage Pagination should handle page navigation correctly","status":"passed","title":"should handle page navigation correctly","duration":680.3553750000001,"failureMessages":[],"meta":{},"tags":[]},{"ancestorTitles":["ChannelsPage Pagination"],"fullName":"ChannelsPage Pagination should handle sorting without duplicate calls","status":"passed","title":"should handle sorting without duplicate calls","duration":763.4277499999998,"failureMessages":[],"meta":{},"tags":[]},{"ancestorTitles":["ChannelsPage Pagination"],"fullName":"ChannelsPage Pagination should duplicate a channel with copied configuration","status":"passed","title":"should duplicate a channel with copied configuration","duration":317.4388749999998,"failureMessages":[],"meta":{},"tags":[]},{"ancestorTitles":["ChannelsPage Pagination"],"fullName":"ChannelsPage Pagination should show the channel name and type in the delete confirmation dialog","status":"passed","title":"should show the channel name and type in the delete confirmation dialog","duration":369.0667079999994,"failureMessages":[],"meta":{},"tags":[]},{"ancestorTitles":["ChannelsPage Pagination"],"fullName":"ChannelsPage Pagination shows an error notification when delete returns success false","status":"passed","title":"shows an error notification when delete returns success false","duration":325.97962499999994,"failureMessages":[],"meta":{},"tags":[]},{"ancestorTitles":["ChannelsPage Pagination"],"fullName":"ChannelsPage Pagination shows an error notification when bulk test returns success false","status":"passed","title":"shows an error notification when bulk test returns success false","duration":605.342584,"failureMessages":[],"meta":{},"tags":[]},{"ancestorTitles":["ChannelsPage Pagination"],"fullName":"ChannelsPage Pagination only offers text-compatible testing models and clears to CHEAPEST","status":"passed","title":"only offers text-compatible testing models and clears to CHEAPEST","duration":63.8558750000002,"failureMessages":[],"meta":{},"tags":[]},{"ancestorTitles":["ChannelsPage Pagination"],"fullName":"ChannelsPage Pagination filters non-text testing models when the server field is missing","status":"passed","title":"filters non-text testing models when the server field is missing","duration":35.833958000000166,"failureMessages":[],"meta":{},"tags":[]}],"startTime":1787188523351,"endTime":1787188527900.834,"status":"passed","message":"","name":"/Users/runner/work/one-api/one-api/web/modern/src/pages/channels/__tests__/ChannelsPage.test.tsx"},{"assertionResults":[{"ancestorTitles":["buildChannelSubmitPayload nullable empty fields"],"fullName":"buildChannelSubmitPayload nullable empty fields sends \"model_mapping\" as JSON null when the user clears it (empty string)","status":"passed","title":"sends \"model_mapping\" as JSON null when the user clears it (empty string)","duration":1.7395830000000387,"failureMessages":[],"meta":{},"tags":[]},{"ancestorTitles":["buildChannelSubmitPayload nullable empty fields"],"fullName":"buildChannelSubmitPayload nullable empty fields sends \"model_mapping\" as JSON null when the user enters whitespace-only input","status":"passed","title":"sends \"model_mapping\" as JSON null when the user enters whitespace-only input","duration":0.21058400000003985,"failureMessages":[],"meta":{},"tags":[]},{"ancestorTitles":["buildChannelSubmitPayload nullable empty fields"],"fullName":"buildChannelSubmitPayload nullable empty fields sends \"model_configs\" as JSON null when the user clears it (empty string)","status":"passed","title":"sends \"model_configs\" as JSON null when the user clears it (empty string)","duration":0.2185829999999669,"failureMessages":[],"meta":{},"tags":[]},{"ancestorTitles":["buildChannelSubmitPayload nullable empty fields"],"fullName":"buildChannelSubmitPayload nullable empty fields sends \"model_configs\" as JSON null when the user enters whitespace-only input","status":"passed","title":"sends \"model_configs\" as JSON null when the user enters whitespace-only input","duration":0.07279099999993832,"failureMessages":[],"meta":{},"tags":[]},{"ancestorTitles":["buildChannelSubmitPayload nullable empty fields"],"fullName":"buildChannelSubmitPayload nullable empty fields sends \"inference_profile_arn_map\" as JSON null when the user clears it (empty string)","status":"passed","title":"sends \"inference_profile_arn_map\" as JSON null when the user clears it (empty string)","duration":0.19133399999998346,"failureMessages":[],"meta":{},"tags":[]},{"ancestorTitles":["buildChannelSubmitPayload nullable empty fields"],"fullName":"buildChannelSubmitPayload nullable empty fields sends \"inference_profile_arn_map\" as JSON null when the user enters whitespace-only input","status":"passed","title":"sends \"inference_profile_arn_map\" as JSON null when the user enters whitespace-only input","duration":0.06533400000000711,"failureMessages":[],"meta":{},"tags":[]},{"ancestorTitles":["buildChannelSubmitPayload nullable empty fields"],"fullName":"buildChannelSubmitPayload nullable empty fields sends \"system_prompt\" as JSON null when the user clears it (empty string)","status":"passed","title":"sends \"system_prompt\" as JSON null when the user clears it (empty string)","duration":0.1675000000000182,"failureMessages":[],"meta":{},"tags":[]},{"ancestorTitles":["buildChannelSubmitPayload nullable empty fields"],"fullName":"buildChannelSubmitPayload nullable empty fields sends \"system_prompt\" as JSON null when the user enters whitespace-only input","status":"passed","title":"sends \"system_prompt\" as JSON null when the user enters whitespace-only input","duration":0.06366700000000947,"failureMessages":[],"meta":{},"tags":[]},{"ancestorTitles":["buildChannelSubmitPayload preserves non-empty values"],"fullName":"buildChannelSubmitPayload preserves non-empty values keeps a present model_mapping in the payload (sanitised to strict JSON)","status":"passed","title":"keeps a present model_mapping in the payload (sanitised to strict JSON)","duration":0.561458000000016,"failureMessages":[],"meta":{},"tags":[]},{"ancestorTitles":["buildChannelSubmitPayload preserves non-empty values"],"fullName":"buildChannelSubmitPayload preserves non-empty values sanitises JSONC model_configs to strict JSON without changing semantics","status":"passed","title":"sanitises JSONC model_configs to strict JSON without changing semantics","duration":0.46624999999994543,"failureMessages":[],"meta":{},"tags":[]},{"ancestorTitles":["buildChannelSubmitPayload preserves non-empty values"],"fullName":"buildChannelSubmitPayload preserves non-empty values keeps a present inference_profile_arn_map in the payload","status":"passed","title":"keeps a present inference_profile_arn_map in the payload","duration":0.1334999999999127,"failureMessages":[],"meta":{},"tags":[]},{"ancestorTitles":["buildChannelSubmitPayload preserves non-empty values"],"fullName":"buildChannelSubmitPayload preserves non-empty values keeps a present system_prompt in the payload (no sanitisation applied)","status":"passed","title":"keeps a present system_prompt in the payload (no sanitisation applied)","duration":0.05095800000003692,"failureMessages":[],"meta":{},"tags":[]},{"ancestorTitles":["buildChannelSubmitPayload key handling on edit"],"fullName":"buildChannelSubmitPayload key handling on edit removes the key field entirely when editing with an empty key","status":"passed","title":"removes the key field entirely when editing with an empty key","duration":0.058834000000047126,"failureMessages":[],"meta":{},"tags":[]},{"ancestorTitles":["buildChannelSubmitPayload key handling on edit"],"fullName":"buildChannelSubmitPayload key handling on edit removes the key field when editing with a whitespace-only key","status":"passed","title":"removes the key field when editing with a whitespace-only key","duration":0.08300000000008367,"failureMessages":[],"meta":{},"tags":[]},{"ancestorTitles":["buildChannelSubmitPayload key handling on edit"],"fullName":"buildChannelSubmitPayload key handling on edit keeps a non-empty key when editing","status":"passed","title":"keeps a non-empty key when editing","duration":0.04137500000001637,"failureMessages":[],"meta":{},"tags":[]},{"ancestorTitles":["buildChannelSubmitPayload key handling on edit"],"fullName":"buildChannelSubmitPayload key handling on edit keeps an empty key on create instead of dropping the field","status":"passed","title":"keeps an empty key on create instead of dropping the field","duration":0.055749999999989086,"failureMessages":[],"meta":{},"tags":[]},{"ancestorTitles":["buildChannelSubmitPayload misc shape guarantees"],"fullName":"buildChannelSubmitPayload misc shape guarantees joins models[] into a comma-separated string","status":"passed","title":"joins models[] into a comma-separated string","duration":0.04016699999999673,"failureMessages":[],"meta":{},"tags":[]},{"ancestorTitles":["buildChannelSubmitPayload misc shape guarantees"],"fullName":"buildChannelSubmitPayload misc shape guarantees serialises hidden_models as JSON array string when non-empty","status":"passed","title":"serialises hidden_models as JSON array string when non-empty","duration":0.04979100000002745,"failureMessages":[],"meta":{},"tags":[]},{"ancestorTitles":["buildChannelSubmitPayload misc shape guarantees"],"fullName":"buildChannelSubmitPayload misc shape guarantees sets hidden_models to null when the trimmed list is empty","status":"passed","title":"sets hidden_models to null when the trimmed list is empty","duration":0.04933300000004692,"failureMessages":[],"meta":{},"tags":[]},{"ancestorTitles":["buildChannelSubmitPayload misc shape guarantees"],"fullName":"buildChannelSubmitPayload misc shape guarantees serialises custom headers in channel config with API-key placeholders intact","status":"passed","title":"serialises custom headers in channel config with API-key placeholders intact","duration":0.13395799999989322,"failureMessages":[],"meta":{},"tags":[]},{"ancestorTitles":["buildChannelSubmitPayload misc shape guarantees"],"fullName":"buildChannelSubmitPayload misc shape guarantees serialises per-endpoint upstream URL overrides in channel config","status":"passed","title":"serialises per-endpoint upstream URL overrides in channel config","duration":0.0582920000000513,"failureMessages":[],"meta":{},"tags":[]},{"ancestorTitles":["buildChannelSubmitPayload misc shape guarantees"],"fullName":"buildChannelSubmitPayload misc shape guarantees joins groups[] into a comma-separated `group` field and removes `groups`","status":"passed","title":"joins groups[] into a comma-separated `group` field and removes `groups`","duration":0.050333999999907064,"failureMessages":[],"meta":{},"tags":[]},{"ancestorTitles":["buildChannelSubmitPayload misc shape guarantees"],"fullName":"buildChannelSubmitPayload misc shape guarantees stri
[...]
39m\n        \u001b[33mclass\u001b[39m=\u001b[32m\"space-y-6\"\u001b[39m\n      \u001b[36m>\u001b[39m\n        \u001b[36m<div\u001b[39m\n          \u001b[33mclass\u001b[39m=\u001b[32m\"space-y-6\"\u001b[39m\n        \u001b[36m>\u001b[39m\n          \u001b[36m<div\u001b[39m\n            \u001b[33mclass\u001b[39m=\u001b[32m\"grid grid-cols-1 lg:grid-cols-5 gap-6\"\u001b[39m\n          \u001b[36m>\u001b[39m\n            \u001b[36m<div\u001b[39m\n              \u001b[33mclass\u001b[39m=\u001b[32m\"rounded-lg border bg-card text-card-foreground shadow-sm lg:col-span-2\"\u001b[39m\n            \u001b[36m>\u001b[39m\n              \u001b[36m<div\u001b[39m\n                \u001b[33mclass\u001b[39m=\u001b[32m\"p-6 h-full flex flex-col\"\u001b[39m\n              \u001b[36m>\u001b[39m\n                \u001b[36m<div\u001b[39m\n                  \u001b[33mclass\u001b[39m=\u001b[32m\"flex items-start justify-between gap-2\"\u001b[39m\n                \u001b[36m>\u001b[39m\n                  \u001b[36m<p\u001b[39m\n                    \u001b[33mclass\u001b[39m=\u001b[32m\"text-sm text-muted-foreground\"\u001b[39m\n                  \u001b[36m>\u001b[39m\n                    \u001b[0mCurrent Balance\u001b[0m\n                  \u001b[36m</p>\u001b[39m\n                  \u001b[36m<button\u001b[39m\n                    \u001b[33maria-label\u001b[39m=\u001b[32m\"Refresh Balance\"\u001b[39m\n                    \u001b[33mclass\u001b[39m=\u001b[32m\"inline-flex items-center justify-center whitespace-nowrap rounded-md text-sm font-medium transition-colors focus-visible:outline-none focus-visible:ring-2 focus-visible:ring-ring focus-visible:ring-offset-2 disabled:opacity-50 disabled:pointer-events-none bg-transparent hover:bg-accent px-3 -mr-2 -mt-2 min-h-11 min-w-11 h-11 text-muted-foreground hover:text-foreground\"\u001b[39m\n                    \u001b[33mdata-label\u001b[39m=\u001b[32m\"Refresh Balance\"\u001b[39m\n                  \u001b[36m>\u001b[39m\n                    \u001b[36m<svg\u001b[39m\n                      \u001b[33maria-hidden\u001b[39m=\u001b[32m\"true\"\u001b[39m\n                      \u001b[33mclass\u001b[39m=\u001b[32m\"lucide lucide-refresh-cw h-4 w-4\"\u001b[39m\n                      \u001b[33mfill\u001b[39m=\u001b[32m\"none\"\u001b[39m\n                      \u001b[33mheight\u001b[39m=\u001b[32m\"24\"\u001b[39m\n                      \u001b[33mstroke\u001b[39m=\u001b[32m\"currentColor\"\u001b[39m\n                      \u001b[33mstroke-linecap\u001b[39m=\u001b[32m\"round\"\u001b[39m\n                      \u001b[33mstroke-linejoin\u001b[39m=\u001b[32m\"round\"\u001b[39m\n                      \u001b[33mstroke-width\u001b[39m=\u001b[32m\"2\"\u001b[39m\n                      \u001b[33mviewBox\u001b[39m=\u001b[32m\"0 0 24 24\"\u001b[39m\n                      \u001b[33mwidth\u001b[39m=\u001b[32m\"24\"\u001b[39m\n                      \u001b[33mxmlns\u001b[39m=\u001b[32m\"http://www.w3.org/2000/svg\"\u001b[39m\n                    \u001b[36m>\u001b[39m\n                      \u001b[36m<path\u001b[39m\n                        \u001b[33md\u001b[39m=\u001b[32m\"M3 12a9 9 0 0 1 9-9 9.75 9.75 0 0 1 6.74 2.74L21 8\"\u001b[39m\n                      \u001b[36m/>\u001b[39m\n                      \u001b[36m<path\u001b[39m\n                        \u001b[33md\u001b[39m=\u001b[32m\"M21 3v5h-5\"\u001b[39m\n                      \u001b[36m/>\u001b[39m\n                      \u001b[36m<path\u001b[39m\n                        \u001b[33md\u001b[39m=\u001b[32m\"M21 12a9 9 0 0 1-9 9 9.75 9.75 0 0 1-6.74-2.74L3 16\"\u001b[39m\n                      \u001b[36m/>\u001b[39m\n                      \u001b[36m<path\u001b[39m\n                        \u001b[33md\u001b[39m=\u001b[32m\"M8 16H3v5\"\u001b[39m\n                      \u001b[36m/>\u001b[39m\n                    \u001b[36m</svg>\u001b[39m\n                  \u001b[36m</button>\u001b[39m\n                \u001b[36m</div>\u001b[39m\n                \u001b[36m<p\u001b[39m\n                  \u001b[33mclass\u001b[39m=\u001b[32m\"mt-1 text-4xl font-semibold tracking-tight tabular-nums text-foreground\"\u001b[39m\n                \u001b[36m>\u001b[39m\n                  \u001b[0m$0.00\u001b[0m\n                \u001b[36m</p>\u001b[39m\n                \u001b[36m<p\u001b[39m\n                  \u001b[33mclass\u001b[39m=\u001b[32m\"mt-1 text-xs text-muted-foreground tabular-nums\"\u001b[39m\n                \u001b[36m>\u001b[39m\n                  \u001b[0m1,000 tokens\u001b[0m\n                \u001b[36m</p>\u001b[39m\n                \u001b[36m<p\u001b[39m\n                  \u001b[33mclass\u001b[39m=\u001b[32m\"mt-auto pt-6 text-xs text-muted-foreground\"\u001b[39m\n                \u001b[36m>\u001b[39m\n                  \u001b[0mCredits are billed in USD and never expire.\u001b[0m\n                \u001b[36m</p>\u001b[39m\n              \u001b[36m</div>\u001b[39m\n            \u001b[36m</div>\u001b[39m\n            \u001b[36m<div\u001b[39m\n              \u001b[33mclass\u001b[39m=\u001b[32m\"rounded-lg border bg-card text-card-foreground shadow-sm lg:col-span-3\"\u001b[39m\n            \u001b[36m>\u001b[39m\n              \u001b[36m<div\u001b[39m\n                \u001b[33mclass\u001b[39m=\u001b[32m\"flex flex-col space-y-1.5 p-6\"\u001b[39m\n              \u001b[36m>\u001b[39m\n                \u001b[36m<div\u001b[39m\n                  \u001b[33mclass\u001b[39m=\u001b[32m\"flex items-center gap-2\"\u001b[39m\n                \u001b[36m>\u001b[39m\n                  \u001b[36m<svg\u001b[39m\n                    \u001b[33maria-hidden\u001b[39m=\u001b[32m\"true\"\u001b[39m\n                    \u001b[33mclass\u001b[39m=\u001b[32m\"lucide lucide-credit-card h-4 w-4 text-muted-foreground\"\u001b[39m\n                    \u001b[33mfill\u001b[39m=\u001b[32m\"none\"\u001b[39m\n                    \u001b[33mheight\u001b[39m=\u001b[32m\"24\"\u001b[39m\n                    \u001b[33mstroke\u001b[39m=\u001b[32m\"currentColor\"\u001b[39m\n                    \u001b[33mstroke-linecap\u001b[39m=\u001b[32m\"round\"\u001b[39m\n                    \u001b[33mstroke-linejoin\u001b[39m=\u001b[32m\"round\"\u001b[39m\n                    \u001b[33mstroke-width\u001b[39m=\u001b[32m\"2\"\u001b[39m\n                    \u001b[33mviewBox\u001b[39m=\u001b[32m\"0 0 24 24\"\u001b[39m\n                    \u001b[33mwidth\u001b[39m=\u001b[32m\"24\"\u001b[39m\n                    \u001b[33mxmlns\u001b[39m=\u001b[32m\"http://www.w3.org/2000/svg\"\u001b[39m\n                  \u001b[36m>\u001b[39m\n                    \u001b[36m<rect\u001b[39m\n                      \u001b[33mheight\u001b[39m=\u001b[32m\"14\"\u001b[39m\n                      \u001b[33mrx\u001b[39m=\u001b[32m\"2\"\u001b[39m\n                      \u001b[33mwidth\u001b[39m=\u001b[32m\"20\"\u001b[39m\n                      \u001b[33mx\u001b[39m=\u001b[32m\"2\"\u001b[39m\n                      \u001b[33my\u001b[39m=\u001b[32m\"5\"\u001b[39m\n                    \u001b[36m/>\u001b[39m\n                    \u001b[36m<line\u001b[39m\n                      \u001b[33mx1\u001b[39m=\u001b[32m\"2\"\u001b[39m\n                      \u001b[33mx2\u001b[39m=\u001b[32m\"22\"\u001b[39m\n                      \u001b[33my1\u001b[39m=\u001b[32m\"10\"\u001b[39m\n                      \u001b[33my2\u001b[39m=\u001b[32m\"10\"\u001b[39m\n                    \u001b[36m/>\u001b[39m\n                  \u001b[36m</svg>\u001b[39m\n                  \u001b[36m<h3\u001b[39m\n                    \u001b[33mclass\u001b[39m=\u001b[32m\"text-lg font-semibold leading-none tracking-tight\"\u001b[39m\n                  \u001b[36m>\u001b[39m\n                    \u001b[0mAdd credits\u001b[0m\n                  \u001b[36m</h3>\u001b[39m\n                \u001b[36m</div>\u001b[39m\n                \u001b[36m<p\u001b[39m\n                  \u001b[33mclass\u001b[39m=\u001b[32m\"text-sm text-muted-foreground\"\u001b[39m\n                \u001b[36m>\u001b[39m\n                  \u001b[0mPay by ...\n    at waitForWrapper (/Users/runner/work/one-api/one-api/web/modern/node_modules/@testing-library/dom/dist/wait-for.js:163:27)\n    at /Users/runner/work/one-api/one-api/web/modern/node_modules/@testing-library/dom/dist/query-helpers.js:86:33\n    at /Users/runner/work/one-api/one-api/web/modern/src/pages/topup/__tests__/TopUpPage.amount.test.tsx:112:18\n    at file:///Users/runner/work/one-api/one-api/web/modern/node_modules/@vitest/runner/dist/chunk-artifact.js:1903:20"],"meta":{},"tags":[]},{"ancestorTitles":["TopUpPage: Stripe checkout behavior"],"fullName":"TopUpPage: Stripe checkout behavior shows the cancel outcome from the query string","status":"passed","title":"shows the cancel outcome from the query string","duration":29.608250000000226,"failureMessages":[],"meta":{},"tags":[]},{"ancestorTitles":["TopUpPage: Stripe checkout behavior"],"fullName":"TopUpPage: Stripe checkout behavior polls fulfillment and refreshes balance and history after paid status","status":"passed","title":"polls fulfillment and refreshes balance and history after paid status","duration":27.950874999999996,"failureMessages":[],"meta":{},"tags":[]}],"startTime":1787188535512,"endTime":1787188536825.951,"status":"failed","message":"","name":"/Users/runner/work/one-api/one-api/web/modern/src/pages/topup/__tests__/TopUpPage.amount.test.tsx"},{"assertionResults":[{"ancestorTitles":["EditUserPage 2FA disable button"],"fullName":"EditUserPage 2FA disable button renders disable 2FA button when admin views another user and triggers API call on confirm","status":"passed","title":"renders disable 2FA button when admin views another user and triggers API call on confirm","duration":276.3225,"failureMessages":[],"meta":{},"tags":[]},{"ancestorTitles":["EditUserPage 2FA disable button"],"fullName":"EditUserPage 2FA disable button does not render disable 2FA button when admin edits their own profile","status":"passed","title":"does not render disable 2FA button when admin edits their own profile","duration":72.95645799999988,"failureMessages":[],"meta":{},"tags":[]}],"startTime":1787188539889,"endTime":1787188540238.9565,"status":"passed","message":"","name":"/Users/runner/work/one-api/one-api/web/modern/src/pages/users/__tests__/EditUserPage.test.tsx"},{"assertionResults":[{"ancestorTitles":["UsersPage promote/demote/disable_2fa actions"],"fullName":"UsersPage promote/demote/disable_2fa actions hides Promote action when current user is not super admin","status":"passed","title":"hides Promote action when current user is not super admin","duration":240.882834,"failureMessages":[],"meta":{},"tags":[]},{"ancestorTitles":["UsersPage promote/demote/disable_2fa actions"],"fullName":"UsersPage promote/demote/disable_2fa actions shows Promote when super admin views a regular user","status":"passed","title":"shows Promote when super admin views a regular user","duration":87.64583399999992,"failureMessages":[],"meta":{},"tags":[]},{"ancestorTitles":["UsersPage promote/demote/disable_2fa actions"],"fullName":"UsersPage promote/demote/disable_2fa actions promotes a user, updates the row role, and notifies success","status":"passed","title":"promotes a user, updates the row role, and notifies success","duration":221.20920800000022,"failureMessages":[],"meta":{},"tags":[]},{"ancestorTitles":["UsersPage promote/demote/disable_2fa actions"],"fullName":"UsersPage promote/demote/disable_2fa actions shows error notification when promote fails","status":"passed","title":"shows error notification when promote fails","duration":141.94029200000023,"failureMessages":[],"meta":{},"tags":[]},{"ancestorTitles":["UsersPage promote/demote/disable_2fa actions"],"fullName":"UsersPage promote/demote/disable_2fa actions demotes an admin and updates the row role","status":"passed","title":"demotes an admin and updates the row role","duration":134.3208749999999,"failureMessages":[],"meta":{},"tags":[]},{"ancestorTitles":["UsersPage promote/demote/disable_2fa actions"],"fullName":"UsersPage promote/demote/disable_2fa actions shows error notification when demote fails","status":"passed","title":"shows error notification when demote fails","duration":103.36220900000035,"failureMessages":[],"meta":{},"tags":[]},{"ancestorTitles":["UsersPage promote/demote/disable_2fa actions"],"fullName":"UsersPage promote/demote/disable_2fa actions deletes a user row when the backend confirms success","status":"passed","title":"deletes a user row when the backend confirms success","duration":74.21779199999992,"failureMessages":[],"meta":{},"tags":[]},{"ancestorTitles":["UsersPage promote/demote/disable_2fa actions"],"fullName":"UsersPage promote/demote/disable_2fa actions shows error notification when delete returns success false","status":"passed","title":"shows error notification when delete returns success false","duration":82.68879199999992,"failureMessages":[],"meta":{},"tags":[]},{"ancestorTitles":["UsersPage promote/demote/disable_2fa actions"],"fullName":"UsersPage promote/demote/disable_2fa actions shows an error notification when top up returns success false","status":"passed","title":"shows an error notification when top up returns success false","duration":123.43862499999977,"failureMessages":[],"meta":{},"tags":[]},{"ancestorTitles":["UsersPage promote/demote/disable_2fa actions"],"fullName":"UsersPage promote/demote/disable_2fa actions disables 2FA after confirmation and notifies success","status":"passed","title":"disables 2FA after confirmation and notifies success","duration":153.31025,"failureMessages":[],"meta":{},"tags":[]},{"ancestorTitles":["UsersPage promote/demote/disable_2fa actions"],"fullName":"UsersPage promote/demote/disable_2fa actions shows error notification when disable 2FA fails","status":"passed","title":"shows error notification when disable 2FA fails","duration":134.4037089999997,"failureMessages":[],"meta":{},"tags":[]}],"startTime":1787188520993,"endTime":1787188522491.4038,"status":"passed","message":"","name":"/Users/runner/work/one-api/one-api/web/modern/src/pages/users/__tests__/UsersPage.test.tsx"},{"assertionResults":[{"ancestorTitles":["ChannelModelSettings"],"fullName":"ChannelModelSettings loads default model configs into the form","status":"passed","title":"loads default model configs into the form","duration":155.8550419999999,"failureMessages":[],"meta":{},"tags":[]},{"ancestorTitles":["ChannelModelSettings"],"fullName":"ChannelModelSettings shows non-blocking hidden-model warnings","status":"passed","title":"shows non-blocking hidden-model warnings","duration":25.112959000000046,"failureMessages":[],"meta":{},"tags":[]},{"ancestorTitles":["ChannelModelSettings"],"fullName":"ChannelModelSettings warns when Model Mapping keys are not listed in Supported Models","status":"passed","title":"warns when Model Mapping keys are not listed in Supported Models","duration":16.29708400000004,"failureMessages":[],"meta":{},"tags":[]},{"ancestorTitles":["ChannelModelSettings"],"fullName":"ChannelModelSettings flags invalid Model Mapping JSON with a destructive banner","status":"passed","title":"flags invalid Model Mapping JSON with a destructive banner","duration":14.995583000000124,"failureMessages":[],"meta":{},"tags":[]},{"ancestorTitles":["ChannelModelSettings"],"fullName":"ChannelModelSettings flags non-object Model Mapping JSON","status":"passed","title":"flags non-object Model Mapping JSON","duration":13.473625000000084,"failureMessages":[],"meta":{},"tags":[]},{"ancestorTitles":["ChannelModelSettings"],"fullName":"ChannelModelSettings flags empty or non-string Model Mapping values as destructive errors","status":"passed","title":"flags empty or non-string Model Mapping values as destructive errors","duration":19.648083000000042,"failureMessages":[],"meta":{},"tags":[]},{"ancestorTitles":["ChannelModelSettings"],"fullName":"ChannelModelSettings warns when Model Mapping targets are not recognized by the channel","status":"passed","title":"warns when Model Mapping targets are not recognized by the channel","duration":18.669124999999894,"failureMessages":[],"meta":{},"tags":[]},{"ancestorTitles":["ChannelModelSettings"],"fullName":"ChannelModelSettings does not warn when all Model Mapping keys are in Supported Models","status":"passed","title":"does not warn when all Model Mapping keys are in Supported Models","duration":14.031500000000051,"failureMessages":[],"meta":{},"tags":[]},{"ancestorTitles":["ChannelModelSettings"],"fullName":"ChannelModelSettings validates Model Mapping source and target casing exactly while keeping hidden-model support folded","status":"passed","title":"validates Model Mapping source and target casing exactly while keeping hidden-model support folded","duration":27.084790999999996,"failureMessages":[],"meta":{},"tags":[]}],"startTime":1787188526487,"endTime":1787188526793.0847,"status":"passed","message":"","name":"/Users/runner/work/one-api/one-api/web/modern/src/pages/channels/components/__tests__/ChannelModelSettings.test.tsx"},{"assertionResults":[{"ancestorTitles":["Channel key prompts and multi-part inputs"],"fullName":"Channel key prompts and multi-part inputs Baidu (type 15) shows APIKey|SecretKey prompt","status":"passed","title":"Baidu (type 15) shows APIKey|SecretKey prompt","duration":62.35399999999993,"failureMessages":[],"meta":{},"tags":[]},{"ancestorTitles":["Channel key prompts and multi-part inputs"],"fullName":"Channel key prompts and multi-part inputs FastGPT (type 22) shows APIKey-AppId example placeholder","status":"passed","title":"FastGPT (type 22) shows APIKey-AppId example placeholder","duration":17.410875000000033,"failureMessages":[],"meta":{},"tags":[]},{"ancestorTitles":["Channel key prompts and multi-part inputs"],"fullName":"Channel key prompts and multi-part inputs Baichuan (type 26) shows APIKey|SecretKey prompt","status":"passed","title":"Baichuan (type 26) shows APIKey|SecretKey prompt","duration":0.19766699999991033,"failureMessages":[],"meta":{},"tags":[]},{"ancestorTitles":["Channel key prompts and multi-part inputs"],"fullName":"Channel key prompts and multi-part inputs iFlytek Spark (type 18) renders three separate credential inputs","status":"passed","title":"iFlytek Spark (type 18) renders three separate credential inputs","duration":86.89762499999995,"failureMessages":[],"meta":{},"tags":[]},{"ancestorTitles":["Channel key prompts and multi-part inputs"],"fullName":"Channel key prompts and multi-part inputs Tencent Hunyuan (type 23) renders three separate credential inputs","status":"passed","title":"Tencent Hunyuan (type 23) renders three separate credential inputs","duration":18.73954200000003,"failureMessages":[],"meta":{},"tags":[]}],"startTime":1787188539017,"endTime":1787188539202.7395,"status":"passed","message":"","name":"/Users/runner/work/one-api/one-api/web/modern/src/pages/channels/components/__tests__/ChannelSpecificConfig.key-prompts.test.tsx"},{"assertionResults":[{"ancestorTitles":["LogModelCell"],"fullName":"LogModelCell shows the billed model in the cell and both names in the tooltip content","status":"passed","title":"shows the billed model in the cell and both names in the tooltip content","duration":20.78637500000002,"failureMessages":[],"meta":{},"tags":[]},{"ancestorTitles":["LogModelCell"],"fullName":"LogModelCell renders plain billed model text when the requested model is unavailable","status":"passed","title":"renders plain billed model text when the requested model is unavailable","duration":2.614082999999937,"failureMessages":[],"meta":{},"tags":[]},{"ancestorTitles":["LogModelCell"],"fullName":"LogModelCell renders plain billed model text when requested and target models match","status":"passed","title":"renders plain billed model text when requested and target models match","duration":1.8360000000000127,"failureMessages":[],"meta":{},"tags":[]}],"startTime":1787188552461,"endTime":1787188552486.836,"status":"passed","message":"","name":"/Users/runner/work/one-api/one-api/web/modern/src/pages/logs/components/__tests__/LogModelCell.test.tsx"}]}